============================= test session starts ==============================
collecting ... collected 32 items

tests/integration/sprint_1/test_account.py::TestOrderHistory::test_authenticated_user_sees_their_orders FAILED [  3%]
tests/integration/sprint_1/test_account.py::TestOrderHistory::test_order_history_shows_expected_fields FAILED [  6%]
tests/integration/sprint_1/test_account.py::TestOrderHistory::test_order_history_empty_for_new_user FAILED [  9%]
tests/integration/sprint_1/test_account.py::TestOrderHistory::test_order_history_requires_authentication PASSED [ 12%]
tests/integration/sprint_1/test_account.py::TestOrderHistory::test_user_only_sees_own_orders FAILED [ 15%]
tests/integration/sprint_1/test_auth.py::TestUserRegistration::test_user_registers_with_valid_credentials PASSED [ 18%]
tests/integration/sprint_1/test_auth.py::TestUserRegistration::test_user_registers_minimum_password_length PASSED [ 21%]
tests/integration/sprint_1/test_auth.py::TestUserRegistration::test_register_duplicate_email_returns_409 PASSED [ 25%]
tests/integration/sprint_1/test_auth.py::TestUserRegistration::test_register_weak_password_rejected PASSED [ 28%]
tests/integration/sprint_1/test_auth.py::TestUserLogin::test_user_logs_in_with_correct_credentials PASSED [ 31%]
tests/integration/sprint_1/test_auth.py::TestUserLogin::test_login_wrong_password_returns_401 PASSED [ 34%]
tests/integration/sprint_1/test_auth.py::TestUserLogin::test_login_nonexistent_email_returns_401 PASSED [ 37%]
tests/integration/sprint_1/test_auth.py::TestUserLogin::test_login_inactive_user_returns_401 PASSED [ 40%]
tests/integration/sprint_1/test_auth.py::TestUserLogin::test_token_refresh_issues_new_tokens_and_revokes_old FAILED [ 43%]
tests/integration/sprint_1/test_auth.py::TestUserLogin::test_logout_revokes_refresh_token PASSED [ 46%]
tests/integration/sprint_1/test_cart.py::TestCartManagement::test_anonymous_user_gets_empty_cart FAILED [ 50%]
tests/integration/sprint_1/test_cart.py::TestCartManagement::test_authenticated_user_cart_is_associated_with_account FAILED [ 53%]
tests/integration/sprint_1/test_cart.py::TestCartManagement::test_cart_shows_items_with_price_quantity_subtotal FAILED [ 56%]
tests/integration/sprint_1/test_cart.py::TestCartManagement::test_categories_endpoint_lists_categories PASSED [ 59%]
tests/integration/sprint_1/test_cart.py::TestCartManagement::test_category_by_slug_returns_correct_category PASSED [ 62%]
tests/integration/sprint_1/test_cart.py::TestCartManagement::test_category_not_found_returns_404 PASSED [ 65%]
tests/integration/sprint_1/test_products.py::TestSearchAndFilter::test_search_returns_matching_products FAILED [ 68%]
tests/integration/sprint_1/test_products.py::TestSearchAndFilter::test_search_no_results_returns_empty FAILED [ 71%]
tests/integration/sprint_1/test_products.py::TestSearchAndFilter::test_filter_by_category_returns_correct_products FAILED [ 75%]
tests/integration/sprint_1/test_products.py::TestSearchAndFilter::test_product_listing_page_shows_required_fields FAILED [ 78%]
tests/integration/sprint_1/test_products.py::TestSearchAndFilter::test_products_paginated_correctly FAILED [ 81%]
tests/integration/sprint_1/test_products.py::TestProductDetail::test_product_detail_returns_full_information FAILED [ 84%]
tests/integration/sprint_1/test_products.py::TestProductDetail::test_product_detail_not_found_returns_404 PASSED [ 87%]
tests/integration/sprint_1/test_products.py::TestProductReviews::test_guest_can_read_product_reviews FAILED [ 90%]
tests/integration/sprint_1/test_products.py::TestProductReviews::test_authenticated_user_submits_review FAILED [ 93%]
tests/integration/sprint_1/test_products.py::TestProductReviews::test_unauthenticated_user_cannot_submit_review PASSED [ 96%]
tests/integration/sprint_1/test_products.py::TestProductReviews::test_user_cannot_review_same_product_twice FAILED [100%]

=================================== FAILURES ===================================
__________ TestOrderHistory.test_authenticated_user_sees_their_orders __________
  + Exception Group Traceback (most recent call last):
  |   File "/Elite-ai-pod-projects/494d3fc8-f8b6-4f1f-a01d-d8d14f21994a/workspace/boots-shopping-app/.sandbox/venv/lib/python3.12/site-packages/starlette/_utils.py", line 87, in collapse_excgroups
  |     yield
  |   File "/Elite-ai-pod-projects/494d3fc8-f8b6-4f1f-a01d-d8d14f21994a/workspace/boots-shopping-app/.sandbox/venv/lib/python3.12/site-packages/starlette/middleware/base.py", line 190, in __call__
  |     async with anyio.create_task_group() as task_group:
  |                ^^^^^^^^^^^^^^^^^^^^^^^^^
  |   File "/Elite-ai-pod-projects/494d3fc8-f8b6-4f1f-a01d-d8d14f21994a/workspace/boots-shopping-app/.sandbox/venv/lib/python3.12/site-packages/anyio/_backends/_asyncio.py", line 811, in __aexit__
  |     raise BaseExceptionGroup(
  | ExceptionGroup: unhandled errors in a TaskGroup (1 sub-exception)
  +-+---------------- 1 ----------------
    | Traceback (most recent call last):
    |   File "/Elite-ai-pod-projects/494d3fc8-f8b6-4f1f-a01d-d8d14f21994a/workspace/boots-shopping-app/.sandbox/venv/lib/python3.12/site-packages/_pytest/runner.py", line 361, in from_call
    |     result: TResult | None = func()
    |                              ^^^^^^
    |   File "/Elite-ai-pod-projects/494d3fc8-f8b6-4f1f-a01d-d8d14f21994a/workspace/boots-shopping-app/.sandbox/venv/lib/python3.12/site-packages/_pytest/runner.py", line 250, in <lambda>
    |     lambda: runtest_hook(item=item, **kwds),
    |             ^^^^^^^^^^^^^^^^^^^^^^^^^^^^^^^
    |   File "/Elite-ai-pod-projects/494d3fc8-f8b6-4f1f-a01d-d8d14f21994a/workspace/boots-shopping-app/.sandbox/venv/lib/python3.12/site-packages/pluggy/_hooks.py", line 512, in __call__
    |     return self._hookexec(self.name, self._hookimpls.copy(), kwargs, firstresult)
    |            ^^^^^^^^^^^^^^^^^^^^^^^^^^^^^^^^^^^^^^^^^^^^^^^^^^^^^^^^^^^^^^^^^^^^^^
    |   File "/Elite-ai-pod-projects/494d3fc8-f8b6-4f1f-a01d-d8d14f21994a/workspace/boots-shopping-app/.sandbox/venv/lib/python3.12/site-packages/pluggy/_manager.py", line 120, in _hookexec
    |     return self._inner_hookexec(hook_name, methods, kwargs, firstresult)
    |            ^^^^^^^^^^^^^^^^^^^^^^^^^^^^^^^^^^^^^^^^^^^^^^^^^^^^^^^^^^^^^
    |   File "/Elite-ai-pod-projects/494d3fc8-f8b6-4f1f-a01d-d8d14f21994a/workspace/boots-shopping-app/.sandbox/venv/lib/python3.12/site-packages/pluggy/_callers.py", line 167, in _multicall
    |     raise exception
    |   File "/Elite-ai-pod-projects/494d3fc8-f8b6-4f1f-a01d-d8d14f21994a/workspace/boots-shopping-app/.sandbox/venv/lib/python3.12/site-packages/pluggy/_callers.py", line 139, in _multicall
    |     teardown.throw(exception)
    |   File "/Elite-ai-pod-projects/494d3fc8-f8b6-4f1f-a01d-d8d14f21994a/workspace/boots-shopping-app/.sandbox/venv/lib/python3.12/site-packages/_pytest/logging.py", line 865, in pytest_runtest_call
    |     yield
    |   File "/Elite-ai-pod-projects/494d3fc8-f8b6-4f1f-a01d-d8d14f21994a/workspace/boots-shopping-app/.sandbox/venv/lib/python3.12/site-packages/pluggy/_callers.py", line 139, in _multicall
    |     teardown.throw(exception)
    |   File "/Elite-ai-pod-projects/494d3fc8-f8b6-4f1f-a01d-d8d14f21994a/workspace/boots-shopping-app/.sandbox/venv/lib/python3.12/site-packages/pluggy/_callers.py", line 53, in run_old_style_hookwrapper
    |     return result.get_result()
    |            ^^^^^^^^^^^^^^^^^^^
    |   File "/Elite-ai-pod-projects/494d3fc8-f8b6-4f1f-a01d-d8d14f21994a/workspace/boots-shopping-app/.sandbox/venv/lib/python3.12/site-packages/pluggy/_result.py", line 103, in get_result
    |     raise exc.with_traceback(tb)
    |   File "/Elite-ai-pod-projects/494d3fc8-f8b6-4f1f-a01d-d8d14f21994a/workspace/boots-shopping-app/.sandbox/venv/lib/python3.12/site-packages/pluggy/_callers.py", line 38, in run_old_style_hookwrapper
    |     res = yield
    |           ^^^^^
    |   File "/Elite-ai-pod-projects/494d3fc8-f8b6-4f1f-a01d-d8d14f21994a/workspace/boots-shopping-app/.sandbox/venv/lib/python3.12/site-packages/pluggy/_callers.py", line 139, in _multicall
    |     teardown.throw(exception)
    |   File "/Elite-ai-pod-projects/494d3fc8-f8b6-4f1f-a01d-d8d14f21994a/workspace/boots-shopping-app/.sandbox/venv/lib/python3.12/site-packages/_pytest/capture.py", line 900, in pytest_runtest_call
    |     return (yield)
    |             ^^^^^
    |   File "/Elite-ai-pod-projects/494d3fc8-f8b6-4f1f-a01d-d8d14f21994a/workspace/boots-shopping-app/.sandbox/venv/lib/python3.12/site-packages/pluggy/_callers.py", line 139, in _multicall
    |     teardown.throw(exception)
    |   File "/Elite-ai-pod-projects/494d3fc8-f8b6-4f1f-a01d-d8d14f21994a/workspace/boots-shopping-app/.sandbox/venv/lib/python3.12/site-packages/_pytest/skipping.py", line 268, in pytest_runtest_call
    |     return (yield)
    |             ^^^^^
    |   File "/Elite-ai-pod-projects/494d3fc8-f8b6-4f1f-a01d-d8d14f21994a/workspace/boots-shopping-app/.sandbox/venv/lib/python3.12/site-packages/pluggy/_callers.py", line 121, in _multicall
    |     res = hook_impl.function(*args)
    |           ^^^^^^^^^^^^^^^^^^^^^^^^^
    |   File "/Elite-ai-pod-projects/494d3fc8-f8b6-4f1f-a01d-d8d14f21994a/workspace/boots-shopping-app/.sandbox/venv/lib/python3.12/site-packages/_pytest/runner.py", line 184, in pytest_runtest_call
    |     item.runtest()
    |   File "/Elite-ai-pod-projects/494d3fc8-f8b6-4f1f-a01d-d8d14f21994a/workspace/boots-shopping-app/.sandbox/venv/lib/python3.12/site-packages/pytest_asyncio/plugin.py", line 569, in runtest
    |     super().runtest()
    |   File "/Elite-ai-pod-projects/494d3fc8-f8b6-4f1f-a01d-d8d14f21994a/workspace/boots-shopping-app/.sandbox/venv/lib/python3.12/site-packages/_pytest/python.py", line 1707, in runtest
    |     self.ihook.pytest_pyfunc_call(pyfuncitem=self)
    |   File "/Elite-ai-pod-projects/494d3fc8-f8b6-4f1f-a01d-d8d14f21994a/workspace/boots-shopping-app/.sandbox/venv/lib/python3.12/site-packages/pluggy/_hooks.py", line 512, in __call__
    |     return self._hookexec(self.name, self._hookimpls.copy(), kwargs, firstresult)
    |            ^^^^^^^^^^^^^^^^^^^^^^^^^^^^^^^^^^^^^^^^^^^^^^^^^^^^^^^^^^^^^^^^^^^^^^
    |   File "/Elite-ai-pod-projects/494d3fc8-f8b6-4f1f-a01d-d8d14f21994a/workspace/boots-shopping-app/.sandbox/venv/lib/python3.12/site-packages/pluggy/_manager.py", line 120, in _hookexec
    |     return self._inner_hookexec(hook_name, methods, kwargs, firstresult)
    |            ^^^^^^^^^^^^^^^^^^^^^^^^^^^^^^^^^^^^^^^^^^^^^^^^^^^^^^^^^^^^^
    |   File "/Elite-ai-pod-projects/494d3fc8-f8b6-4f1f-a01d-d8d14f21994a/workspace/boots-shopping-app/.sandbox/venv/lib/python3.12/site-packages/pluggy/_callers.py", line 167, in _multicall
    |     raise exception
    |   File "/Elite-ai-pod-projects/494d3fc8-f8b6-4f1f-a01d-d8d14f21994a/workspace/boots-shopping-app/.sandbox/venv/lib/python3.12/site-packages/pluggy/_callers.py", line 139, in _multicall
    |     teardown.throw(exception)
    |   File "/Elite-ai-pod-projects/494d3fc8-f8b6-4f1f-a01d-d8d14f21994a/workspace/boots-shopping-app/.sandbox/venv/lib/python3.12/site-packages/pluggy/_callers.py", line 53, in run_old_style_hookwrapper
    |     return result.get_result()
    |            ^^^^^^^^^^^^^^^^^^^
    |   File "/Elite-ai-pod-projects/494d3fc8-f8b6-4f1f-a01d-d8d14f21994a/workspace/boots-shopping-app/.sandbox/venv/lib/python3.12/site-packages/pluggy/_result.py", line 103, in get_result
    |     raise exc.with_traceback(tb)
    |   File "/Elite-ai-pod-projects/494d3fc8-f8b6-4f1f-a01d-d8d14f21994a/workspace/boots-shopping-app/.sandbox/venv/lib/python3.12/site-packages/pluggy/_callers.py", line 38, in run_old_style_hookwrapper
    |     res = yield
    |           ^^^^^
    |   File "/Elite-ai-pod-projects/494d3fc8-f8b6-4f1f-a01d-d8d14f21994a/workspace/boots-shopping-app/.sandbox/venv/lib/python3.12/site-packages/pluggy/_callers.py", line 121, in _multicall
    |     res = hook_impl.function(*args)
    |           ^^^^^^^^^^^^^^^^^^^^^^^^^
    |   File "/Elite-ai-pod-projects/494d3fc8-f8b6-4f1f-a01d-d8d14f21994a/workspace/boots-shopping-app/.sandbox/venv/lib/python3.12/site-packages/_pytest/python.py", line 167, in pytest_pyfunc_call
    |     result = testfunction(**testargs)
    |              ^^^^^^^^^^^^^^^^^^^^^^^^
    |   File "/Elite-ai-pod-projects/494d3fc8-f8b6-4f1f-a01d-d8d14f21994a/workspace/boots-shopping-app/.sandbox/venv/lib/python3.12/site-packages/pytest_asyncio/plugin.py", line 905, in inner
    |     runner.run(coro, context=context)
    |   File "/root/.local/share/uv/python/cpython-3.12.13-linux-x86_64-gnu/lib/python3.12/asyncio/runners.py", line 118, in run
    |     return self._loop.run_until_complete(task)
    |            ^^^^^^^^^^^^^^^^^^^^^^^^^^^^^^^^^^^
    |   File "/root/.local/share/uv/python/cpython-3.12.13-linux-x86_64-gnu/lib/python3.12/asyncio/base_events.py", line 691, in run_until_complete
    |     return future.result()
    |            ^^^^^^^^^^^^^^^
    |   File "/Elite-ai-pod-projects/494d3fc8-f8b6-4f1f-a01d-d8d14f21994a/workspace/boots-shopping-app/tests/integration/sprint_1/test_account.py", line 36, in test_authenticated_user_sees_their_orders
    |     response = await async_client.get(
    |                ^^^^^^^^^^^^^^^^^^^^^^^
    |   File "/Elite-ai-pod-projects/494d3fc8-f8b6-4f1f-a01d-d8d14f21994a/workspace/boots-shopping-app/.sandbox/venv/lib/python3.12/site-packages/httpx/_client.py", line 1801, in get
    |     return await self.request(
    |            ^^^^^^^^^^^^^^^^^^^
    |   File "/Elite-ai-pod-projects/494d3fc8-f8b6-4f1f-a01d-d8d14f21994a/workspace/boots-shopping-app/.sandbox/venv/lib/python3.12/site-packages/httpx/_client.py", line 1574, in request
    |     return await self.send(request, auth=auth, follow_redirects=follow_redirects)
    |            ^^^^^^^^^^^^^^^^^^^^^^^^^^^^^^^^^^^^^^^^^^^^^^^^^^^^^^^^^^^^^^^^^^^^^^
    |   File "/Elite-ai-pod-projects/494d3fc8-f8b6-4f1f-a01d-d8d14f21994a/workspace/boots-shopping-app/.sandbox/venv/lib/python3.12/site-packages/httpx/_client.py", line 1661, in send
    |     response = await self._send_handling_auth(
    |                ^^^^^^^^^^^^^^^^^^^^^^^^^^^^^^^
    |   File "/Elite-ai-pod-projects/494d3fc8-f8b6-4f1f-a01d-d8d14f21994a/workspace/boots-shopping-app/.sandbox/venv/lib/python3.12/site-packages/httpx/_client.py", line 1689, in _send_handling_auth
    |     response = await self._send_handling_redirects(
    |                ^^^^^^^^^^^^^^^^^^^^^^^^^^^^^^^^^^^^
    |   File "/Elite-ai-pod-projects/494d3fc8-f8b6-4f1f-a01d-d8d14f21994a/workspace/boots-shopping-app/.sandbox/venv/lib/python3.12/site-packages/httpx/_client.py", line 1726, in _send_handling_redirects
    |     response = await self._send_single_request(request)
    |                ^^^^^^^^^^^^^^^^^^^^^^^^^^^^^^^^^^^^^^^^
    |   File "/Elite-ai-pod-projects/494d3fc8-f8b6-4f1f-a01d-d8d14f21994a/workspace/boots-shopping-app/.sandbox/venv/lib/python3.12/site-packages/httpx/_client.py", line 1763, in _send_single_request
    |     response = await transport.handle_async_request(request)
    |                ^^^^^^^^^^^^^^^^^^^^^^^^^^^^^^^^^^^^^^^^^^^^^
    |   File "/Elite-ai-pod-projects/494d3fc8-f8b6-4f1f-a01d-d8d14f21994a/workspace/boots-shopping-app/.sandbox/venv/lib/python3.12/site-packages/httpx/_transports/asgi.py", line 164, in handle_async_request
    |     await self.app(scope, receive, send)
    |   File "/Elite-ai-pod-projects/494d3fc8-f8b6-4f1f-a01d-d8d14f21994a/workspace/boots-shopping-app/.sandbox/venv/lib/python3.12/site-packages/fastapi/applications.py", line 1054, in __call__
    |     await super().__call__(scope, receive, send)
    |   File "/Elite-ai-pod-projects/494d3fc8-f8b6-4f1f-a01d-d8d14f21994a/workspace/boots-shopping-app/.sandbox/venv/lib/python3.12/site-packages/starlette/applications.py", line 123, in __call__
    |     await self.middleware_stack(scope, receive, send)
    |   File "/Elite-ai-pod-projects/494d3fc8-f8b6-4f1f-a01d-d8d14f21994a/workspace/boots-shopping-app/.sandbox/venv/lib/python3.12/site-packages/starlette/middleware/errors.py", line 186, in __call__
    |     raise exc
    |   File "/Elite-ai-pod-projects/494d3fc8-f8b6-4f1f-a01d-d8d14f21994a/workspace/boots-shopping-app/.sandbox/venv/lib/python3.12/site-packages/starlette/middleware/errors.py", line 164, in __call__
    |     await self.app(scope, receive, _send)
    |   File "/Elite-ai-pod-projects/494d3fc8-f8b6-4f1f-a01d-d8d14f21994a/workspace/boots-shopping-app/.sandbox/venv/lib/python3.12/site-packages/starlette/middleware/base.py", line 189, in __call__
    |     with collapse_excgroups():
    |          ^^^^^^^^^^^^^^^^^^^^
    |   File "/root/.local/share/uv/python/cpython-3.12.13-linux-x86_64-gnu/lib/python3.12/contextlib.py", line 158, in __exit__
    |     self.gen.throw(value)
    |   File "/Elite-ai-pod-projects/494d3fc8-f8b6-4f1f-a01d-d8d14f21994a/workspace/boots-shopping-app/.sandbox/venv/lib/python3.12/site-packages/starlette/_utils.py", line 93, in collapse_excgroups
    |     raise exc
    |   File "/Elite-ai-pod-projects/494d3fc8-f8b6-4f1f-a01d-d8d14f21994a/workspace/boots-shopping-app/.sandbox/venv/lib/python3.12/site-packages/starlette/middleware/base.py", line 191, in __call__
    |     response = await self.dispatch_func(request, call_next)
    |                ^^^^^^^^^^^^^^^^^^^^^^^^^^^^^^^^^^^^^^^^^^^^
    |   File "/Elite-ai-pod-projects/494d3fc8-f8b6-4f1f-a01d-d8d14f21994a/workspace/boots-shopping-app/app/core/middleware.py", line 30, in dispatch
    |     response: Response = await call_next(request)
    |                          ^^^^^^^^^^^^^^^^^^^^^^^^
    |   File "/Elite-ai-pod-projects/494d3fc8-f8b6-4f1f-a01d-d8d14f21994a/workspace/boots-shopping-app/.sandbox/venv/lib/python3.12/site-packages/starlette/middleware/base.py", line 165, in call_next
    |     raise app_exc
    |   File "/Elite-ai-pod-projects/494d3fc8-f8b6-4f1f-a01d-d8d14f21994a/workspace/boots-shopping-app/.sandbox/venv/lib/python3.12/site-packages/starlette/middleware/base.py", line 151, in coro
    |     await self.app(scope, receive_or_disconnect, send_no_error)
    |   File "/Elite-ai-pod-projects/494d3fc8-f8b6-4f1f-a01d-d8d14f21994a/workspace/boots-shopping-app/.sandbox/venv/lib/python3.12/site-packages/starlette/middleware/cors.py", line 85, in __call__
    |     await self.app(scope, receive, send)
    |   File "/Elite-ai-pod-projects/494d3fc8-f8b6-4f1f-a01d-d8d14f21994a/workspace/boots-shopping-app/.sandbox/venv/lib/python3.12/site-packages/starlette/middleware/exceptions.py", line 65, in __call__
    |     await wrap_app_handling_exceptions(self.app, conn)(scope, receive, send)
    |   File "/Elite-ai-pod-projects/494d3fc8-f8b6-4f1f-a01d-d8d14f21994a/workspace/boots-shopping-app/.sandbox/venv/lib/python3.12/site-packages/starlette/_exception_handler.py", line 64, in wrapped_app
    |     raise exc
    |   File "/Elite-ai-pod-projects/494d3fc8-f8b6-4f1f-a01d-d8d14f21994a/workspace/boots-shopping-app/.sandbox/venv/lib/python3.12/site-packages/starlette/_exception_handler.py", line 53, in wrapped_app
    |     await app(scope, receive, sender)
    |   File "/Elite-ai-pod-projects/494d3fc8-f8b6-4f1f-a01d-d8d14f21994a/workspace/boots-shopping-app/.sandbox/venv/lib/python3.12/site-packages/starlette/routing.py", line 756, in __call__
    |     await self.middleware_stack(scope, receive, send)
    |   File "/Elite-ai-pod-projects/494d3fc8-f8b6-4f1f-a01d-d8d14f21994a/workspace/boots-shopping-app/.sandbox/venv/lib/python3.12/site-packages/starlette/routing.py", line 776, in app
    |     await route.handle(scope, receive, send)
    |   File "/Elite-ai-pod-projects/494d3fc8-f8b6-4f1f-a01d-d8d14f21994a/workspace/boots-shopping-app/.sandbox/venv/lib/python3.12/site-packages/starlette/routing.py", line 297, in handle
    |     await self.app(scope, receive, send)
    |   File "/Elite-ai-pod-projects/494d3fc8-f8b6-4f1f-a01d-d8d14f21994a/workspace/boots-shopping-app/.sandbox/venv/lib/python3.12/site-packages/starlette/routing.py", line 77, in app
    |     await wrap_app_handling_exceptions(app, request)(scope, receive, send)
    |   File "/Elite-ai-pod-projects/494d3fc8-f8b6-4f1f-a01d-d8d14f21994a/workspace/boots-shopping-app/.sandbox/venv/lib/python3.12/site-packages/starlette/_exception_handler.py", line 64, in wrapped_app
    |     raise exc
    |   File "/Elite-ai-pod-projects/494d3fc8-f8b6-4f1f-a01d-d8d14f21994a/workspace/boots-shopping-app/.sandbox/venv/lib/python3.12/site-packages/starlette/_exception_handler.py", line 53, in wrapped_app
    |     await app(scope, receive, sender)
    |   File "/Elite-ai-pod-projects/494d3fc8-f8b6-4f1f-a01d-d8d14f21994a/workspace/boots-shopping-app/.sandbox/venv/lib/python3.12/site-packages/starlette/routing.py", line 72, in app
    |     response = await func(request)
    |                ^^^^^^^^^^^^^^^^^^^
    |   File "/Elite-ai-pod-projects/494d3fc8-f8b6-4f1f-a01d-d8d14f21994a/workspace/boots-shopping-app/.sandbox/venv/lib/python3.12/site-packages/fastapi/routing.py", line 278, in app
    |     raw_response = await run_endpoint_function(
    |                    ^^^^^^^^^^^^^^^^^^^^^^^^^^^^
    |   File "/Elite-ai-pod-projects/494d3fc8-f8b6-4f1f-a01d-d8d14f21994a/workspace/boots-shopping-app/.sandbox/venv/lib/python3.12/site-packages/fastapi/routing.py", line 191, in run_endpoint_function
    |     return await dependant.call(**values)
    |            ^^^^^^^^^^^^^^^^^^^^^^^^^^^^^^
    |   File "/Elite-ai-pod-projects/494d3fc8-f8b6-4f1f-a01d-d8d14f21994a/workspace/boots-shopping-app/app/domains/account/router.py", line 60, in get_order_history
    |     orders = await service.get_order_history(current_user.id)
    |              ^^^^^^^^^^^^^^^^^^^^^^^^^^^^^^^^^^^^^^^^^^^^^^^^
    |   File "/Elite-ai-pod-projects/494d3fc8-f8b6-4f1f-a01d-d8d14f21994a/workspace/boots-shopping-app/app/domains/account/service.py", line 86, in get_order_history
    |     result = await self.db.execute(
    |                    ^^^^^^^^^^^^^^^
    | AttributeError: 'User' object has no attribute 'execute'
    +------------------------------------

During handling of the above exception, another exception occurred:

Traceback (most recent call last):
  File "/Elite-ai-pod-projects/494d3fc8-f8b6-4f1f-a01d-d8d14f21994a/workspace/boots-shopping-app/tests/integration/sprint_1/test_account.py", line 36, in test_authenticated_user_sees_their_orders
    response = await async_client.get(
               ^^^^^^^^^^^^^^^^^^^^^^^
  File "/Elite-ai-pod-projects/494d3fc8-f8b6-4f1f-a01d-d8d14f21994a/workspace/boots-shopping-app/.sandbox/venv/lib/python3.12/site-packages/httpx/_client.py", line 1801, in get
    return await self.request(
           ^^^^^^^^^^^^^^^^^^^
  File "/Elite-ai-pod-projects/494d3fc8-f8b6-4f1f-a01d-d8d14f21994a/workspace/boots-shopping-app/.sandbox/venv/lib/python3.12/site-packages/httpx/_client.py", line 1574, in request
    return await self.send(request, auth=auth, follow_redirects=follow_redirects)
           ^^^^^^^^^^^^^^^^^^^^^^^^^^^^^^^^^^^^^^^^^^^^^^^^^^^^^^^^^^^^^^^^^^^^^^
  File "/Elite-ai-pod-projects/494d3fc8-f8b6-4f1f-a01d-d8d14f21994a/workspace/boots-shopping-app/.sandbox/venv/lib/python3.12/site-packages/httpx/_client.py", line 1661, in send
    response = await self._send_handling_auth(
               ^^^^^^^^^^^^^^^^^^^^^^^^^^^^^^^
  File "/Elite-ai-pod-projects/494d3fc8-f8b6-4f1f-a01d-d8d14f21994a/workspace/boots-shopping-app/.sandbox/venv/lib/python3.12/site-packages/httpx/_client.py", line 1689, in _send_handling_auth
    response = await self._send_handling_redirects(
               ^^^^^^^^^^^^^^^^^^^^^^^^^^^^^^^^^^^^
  File "/Elite-ai-pod-projects/494d3fc8-f8b6-4f1f-a01d-d8d14f21994a/workspace/boots-shopping-app/.sandbox/venv/lib/python3.12/site-packages/httpx/_client.py", line 1726, in _send_handling_redirects
    response = await self._send_single_request(request)
               ^^^^^^^^^^^^^^^^^^^^^^^^^^^^^^^^^^^^^^^^
  File "/Elite-ai-pod-projects/494d3fc8-f8b6-4f1f-a01d-d8d14f21994a/workspace/boots-shopping-app/.sandbox/venv/lib/python3.12/site-packages/httpx/_client.py", line 1763, in _send_single_request
    response = await transport.handle_async_request(request)
               ^^^^^^^^^^^^^^^^^^^^^^^^^^^^^^^^^^^^^^^^^^^^^
  File "/Elite-ai-pod-projects/494d3fc8-f8b6-4f1f-a01d-d8d14f21994a/workspace/boots-shopping-app/.sandbox/venv/lib/python3.12/site-packages/httpx/_transports/asgi.py", line 164, in handle_async_request
    await self.app(scope, receive, send)
  File "/Elite-ai-pod-projects/494d3fc8-f8b6-4f1f-a01d-d8d14f21994a/workspace/boots-shopping-app/.sandbox/venv/lib/python3.12/site-packages/fastapi/applications.py", line 1054, in __call__
    await super().__call__(scope, receive, send)
  File "/Elite-ai-pod-projects/494d3fc8-f8b6-4f1f-a01d-d8d14f21994a/workspace/boots-shopping-app/.sandbox/venv/lib/python3.12/site-packages/starlette/applications.py", line 123, in __call__
    await self.middleware_stack(scope, receive, send)
  File "/Elite-ai-pod-projects/494d3fc8-f8b6-4f1f-a01d-d8d14f21994a/workspace/boots-shopping-app/.sandbox/venv/lib/python3.12/site-packages/starlette/middleware/errors.py", line 186, in __call__
    raise exc
  File "/Elite-ai-pod-projects/494d3fc8-f8b6-4f1f-a01d-d8d14f21994a/workspace/boots-shopping-app/.sandbox/venv/lib/python3.12/site-packages/starlette/middleware/errors.py", line 164, in __call__
    await self.app(scope, receive, _send)
  File "/Elite-ai-pod-projects/494d3fc8-f8b6-4f1f-a01d-d8d14f21994a/workspace/boots-shopping-app/.sandbox/venv/lib/python3.12/site-packages/starlette/middleware/base.py", line 189, in __call__
    with collapse_excgroups():
         ^^^^^^^^^^^^^^^^^^^^
  File "/root/.local/share/uv/python/cpython-3.12.13-linux-x86_64-gnu/lib/python3.12/contextlib.py", line 158, in __exit__
    self.gen.throw(value)
  File "/Elite-ai-pod-projects/494d3fc8-f8b6-4f1f-a01d-d8d14f21994a/workspace/boots-shopping-app/.sandbox/venv/lib/python3.12/site-packages/starlette/_utils.py", line 93, in collapse_excgroups
    raise exc
  File "/Elite-ai-pod-projects/494d3fc8-f8b6-4f1f-a01d-d8d14f21994a/workspace/boots-shopping-app/.sandbox/venv/lib/python3.12/site-packages/starlette/middleware/base.py", line 191, in __call__
    response = await self.dispatch_func(request, call_next)
               ^^^^^^^^^^^^^^^^^^^^^^^^^^^^^^^^^^^^^^^^^^^^
  File "/Elite-ai-pod-projects/494d3fc8-f8b6-4f1f-a01d-d8d14f21994a/workspace/boots-shopping-app/app/core/middleware.py", line 30, in dispatch
    response: Response = await call_next(request)
                         ^^^^^^^^^^^^^^^^^^^^^^^^
  File "/Elite-ai-pod-projects/494d3fc8-f8b6-4f1f-a01d-d8d14f21994a/workspace/boots-shopping-app/.sandbox/venv/lib/python3.12/site-packages/starlette/middleware/base.py", line 165, in call_next
    raise app_exc
  File "/Elite-ai-pod-projects/494d3fc8-f8b6-4f1f-a01d-d8d14f21994a/workspace/boots-shopping-app/.sandbox/venv/lib/python3.12/site-packages/starlette/middleware/base.py", line 151, in coro
    await self.app(scope, receive_or_disconnect, send_no_error)
  File "/Elite-ai-pod-projects/494d3fc8-f8b6-4f1f-a01d-d8d14f21994a/workspace/boots-shopping-app/.sandbox/venv/lib/python3.12/site-packages/starlette/middleware/cors.py", line 85, in __call__
    await self.app(scope, receive, send)
  File "/Elite-ai-pod-projects/494d3fc8-f8b6-4f1f-a01d-d8d14f21994a/workspace/boots-shopping-app/.sandbox/venv/lib/python3.12/site-packages/starlette/middleware/exceptions.py", line 65, in __call__
    await wrap_app_handling_exceptions(self.app, conn)(scope, receive, send)
  File "/Elite-ai-pod-projects/494d3fc8-f8b6-4f1f-a01d-d8d14f21994a/workspace/boots-shopping-app/.sandbox/venv/lib/python3.12/site-packages/starlette/_exception_handler.py", line 64, in wrapped_app
    raise exc
  File "/Elite-ai-pod-projects/494d3fc8-f8b6-4f1f-a01d-d8d14f21994a/workspace/boots-shopping-app/.sandbox/venv/lib/python3.12/site-packages/starlette/_exception_handler.py", line 53, in wrapped_app
    await app(scope, receive, sender)
  File "/Elite-ai-pod-projects/494d3fc8-f8b6-4f1f-a01d-d8d14f21994a/workspace/boots-shopping-app/.sandbox/venv/lib/python3.12/site-packages/starlette/routing.py", line 756, in __call__
    await self.middleware_stack(scope, receive, send)
  File "/Elite-ai-pod-projects/494d3fc8-f8b6-4f1f-a01d-d8d14f21994a/workspace/boots-shopping-app/.sandbox/venv/lib/python3.12/site-packages/starlette/routing.py", line 776, in app
    await route.handle(scope, receive, send)
  File "/Elite-ai-pod-projects/494d3fc8-f8b6-4f1f-a01d-d8d14f21994a/workspace/boots-shopping-app/.sandbox/venv/lib/python3.12/site-packages/starlette/routing.py", line 297, in handle
    await self.app(scope, receive, send)
  File "/Elite-ai-pod-projects/494d3fc8-f8b6-4f1f-a01d-d8d14f21994a/workspace/boots-shopping-app/.sandbox/venv/lib/python3.12/site-packages/starlette/routing.py", line 77, in app
    await wrap_app_handling_exceptions(app, request)(scope, receive, send)
  File "/Elite-ai-pod-projects/494d3fc8-f8b6-4f1f-a01d-d8d14f21994a/workspace/boots-shopping-app/.sandbox/venv/lib/python3.12/site-packages/starlette/_exception_handler.py", line 64, in wrapped_app
    raise exc
  File "/Elite-ai-pod-projects/494d3fc8-f8b6-4f1f-a01d-d8d14f21994a/workspace/boots-shopping-app/.sandbox/venv/lib/python3.12/site-packages/starlette/_exception_handler.py", line 53, in wrapped_app
    await app(scope, receive, sender)
  File "/Elite-ai-pod-projects/494d3fc8-f8b6-4f1f-a01d-d8d14f21994a/workspace/boots-shopping-app/.sandbox/venv/lib/python3.12/site-packages/starlette/routing.py", line 72, in app
    response = await func(request)
               ^^^^^^^^^^^^^^^^^^^
  File "/Elite-ai-pod-projects/494d3fc8-f8b6-4f1f-a01d-d8d14f21994a/workspace/boots-shopping-app/.sandbox/venv/lib/python3.12/site-packages/fastapi/routing.py", line 278, in app
    raw_response = await run_endpoint_function(
                   ^^^^^^^^^^^^^^^^^^^^^^^^^^^^
  File "/Elite-ai-pod-projects/494d3fc8-f8b6-4f1f-a01d-d8d14f21994a/workspace/boots-shopping-app/.sandbox/venv/lib/python3.12/site-packages/fastapi/routing.py", line 191, in run_endpoint_function
    return await dependant.call(**values)
           ^^^^^^^^^^^^^^^^^^^^^^^^^^^^^^
  File "/Elite-ai-pod-projects/494d3fc8-f8b6-4f1f-a01d-d8d14f21994a/workspace/boots-shopping-app/app/domains/account/router.py", line 60, in get_order_history
    orders = await service.get_order_history(current_user.id)
             ^^^^^^^^^^^^^^^^^^^^^^^^^^^^^^^^^^^^^^^^^^^^^^^^
  File "/Elite-ai-pod-projects/494d3fc8-f8b6-4f1f-a01d-d8d14f21994a/workspace/boots-shopping-app/app/domains/account/service.py", line 86, in get_order_history
    result = await self.db.execute(
                   ^^^^^^^^^^^^^^^
AttributeError: 'User' object has no attribute 'execute'

During handling of the above exception, another exception occurred:
tests/integration/sprint_1/test_account.py:36: in test_authenticated_user_sees_their_orders
    response = await async_client.get(
.sandbox/venv/lib/python3.12/site-packages/httpx/_client.py:1801: in get
    return await self.request(
.sandbox/venv/lib/python3.12/site-packages/httpx/_client.py:1574: in request
    return await self.send(request, auth=auth, follow_redirects=follow_redirects)
           ^^^^^^^^^^^^^^^^^^^^^^^^^^^^^^^^^^^^^^^^^^^^^^^^^^^^^^^^^^^^^^^^^^^^^^
.sandbox/venv/lib/python3.12/site-packages/httpx/_client.py:1661: in send
    response = await self._send_handling_auth(
.sandbox/venv/lib/python3.12/site-packages/httpx/_client.py:1689: in _send_handling_auth
    response = await self._send_handling_redirects(
.sandbox/venv/lib/python3.12/site-packages/httpx/_client.py:1726: in _send_handling_redirects
    response = await self._send_single_request(request)
               ^^^^^^^^^^^^^^^^^^^^^^^^^^^^^^^^^^^^^^^^
.sandbox/venv/lib/python3.12/site-packages/httpx/_client.py:1763: in _send_single_request
    response = await transport.handle_async_request(request)
               ^^^^^^^^^^^^^^^^^^^^^^^^^^^^^^^^^^^^^^^^^^^^^
.sandbox/venv/lib/python3.12/site-packages/httpx/_transports/asgi.py:164: in handle_async_request
    await self.app(scope, receive, send)
.sandbox/venv/lib/python3.12/site-packages/fastapi/applications.py:1054: in __call__
    await super().__call__(scope, receive, send)
.sandbox/venv/lib/python3.12/site-packages/starlette/applications.py:123: in __call__
    await self.middleware_stack(scope, receive, send)
.sandbox/venv/lib/python3.12/site-packages/starlette/middleware/errors.py:186: in __call__
    raise exc
.sandbox/venv/lib/python3.12/site-packages/starlette/middleware/errors.py:164: in __call__
    await self.app(scope, receive, _send)
.sandbox/venv/lib/python3.12/site-packages/starlette/middleware/base.py:189: in __call__
    with collapse_excgroups():
         ^^^^^^^^^^^^^^^^^^^^
/root/.local/share/uv/python/cpython-3.12.13-linux-x86_64-gnu/lib/python3.12/contextlib.py:158: in __exit__
    self.gen.throw(value)
.sandbox/venv/lib/python3.12/site-packages/starlette/_utils.py:93: in collapse_excgroups
    raise exc
.sandbox/venv/lib/python3.12/site-packages/starlette/middleware/base.py:191: in __call__
    response = await self.dispatch_func(request, call_next)
               ^^^^^^^^^^^^^^^^^^^^^^^^^^^^^^^^^^^^^^^^^^^^
app/core/middleware.py:30: in dispatch
    response: Response = await call_next(request)
                         ^^^^^^^^^^^^^^^^^^^^^^^^
.sandbox/venv/lib/python3.12/site-packages/starlette/middleware/base.py:165: in call_next
    raise app_exc
.sandbox/venv/lib/python3.12/site-packages/starlette/middleware/base.py:151: in coro
    await self.app(scope, receive_or_disconnect, send_no_error)
.sandbox/venv/lib/python3.12/site-packages/starlette/middleware/cors.py:85: in __call__
    await self.app(scope, receive, send)
.sandbox/venv/lib/python3.12/site-packages/starlette/middleware/exceptions.py:65: in __call__
    await wrap_app_handling_exceptions(self.app, conn)(scope, receive, send)
.sandbox/venv/lib/python3.12/site-packages/starlette/_exception_handler.py:64: in wrapped_app
    raise exc
.sandbox/venv/lib/python3.12/site-packages/starlette/_exception_handler.py:53: in wrapped_app
    await app(scope, receive, sender)
.sandbox/venv/lib/python3.12/site-packages/starlette/routing.py:756: in __call__
    await self.middleware_stack(scope, receive, send)
.sandbox/venv/lib/python3.12/site-packages/starlette/routing.py:776: in app
    await route.handle(scope, receive, send)
.sandbox/venv/lib/python3.12/site-packages/starlette/routing.py:297: in handle
    await self.app(scope, receive, send)
.sandbox/venv/lib/python3.12/site-packages/starlette/routing.py:77: in app
    await wrap_app_handling_exceptions(app, request)(scope, receive, send)
.sandbox/venv/lib/python3.12/site-packages/starlette/_exception_handler.py:64: in wrapped_app
    raise exc
.sandbox/venv/lib/python3.12/site-packages/starlette/_exception_handler.py:53: in wrapped_app
    await app(scope, receive, sender)
.sandbox/venv/lib/python3.12/site-packages/starlette/routing.py:72: in app
    response = await func(request)
               ^^^^^^^^^^^^^^^^^^^
.sandbox/venv/lib/python3.12/site-packages/fastapi/routing.py:278: in app
    raw_response = await run_endpoint_function(
.sandbox/venv/lib/python3.12/site-packages/fastapi/routing.py:191: in run_endpoint_function
    return await dependant.call(**values)
           ^^^^^^^^^^^^^^^^^^^^^^^^^^^^^^
app/domains/account/router.py:60: in get_order_history
    orders = await service.get_order_history(current_user.id)
             ^^^^^^^^^^^^^^^^^^^^^^^^^^^^^^^^^^^^^^^^^^^^^^^^
app/domains/account/service.py:86: in get_order_history
    result = await self.db.execute(
                   ^^^^^^^^^^^^^^^
E   AttributeError: 'User' object has no attribute 'execute'
---------------------------- Captured stdout setup -----------------------------
{"request_id": "df3d6260-73a3-4ac2-b1f8-4cfbb107eb6f", "method": "POST", "path": "/api/v1/auth/login", "event": "request_started", "level": "info", "timestamp": "2026-07-07T09:04:49.085265Z"}
{"request_id": "df3d6260-73a3-4ac2-b1f8-4cfbb107eb6f", "method": "POST", "path": "/api/v1/auth/login", "status_code": 200, "event": "request_finished", "level": "info", "timestamp": "2026-07-07T09:04:49.431113Z"}
HTTP Request: POST http://test/api/v1/auth/login "HTTP/1.1 200 OK"
------------------------------ Captured log setup ------------------------------
INFO     httpx:_client.py:1773 HTTP Request: POST http://test/api/v1/auth/login "HTTP/1.1 200 OK"
----------------------------- Captured stdout call -----------------------------
{"request_id": "40506c6d-19ce-439e-8428-7fcc67185cfc", "method": "GET", "path": "/api/v1/account/orders", "event": "request_started", "level": "info", "timestamp": "2026-07-07T09:04:49.473077Z"}
__________ TestOrderHistory.test_order_history_shows_expected_fields ___________
  + Exception Group Traceback (most recent call last):
  |   File "/Elite-ai-pod-projects/494d3fc8-f8b6-4f1f-a01d-d8d14f21994a/workspace/boots-shopping-app/.sandbox/venv/lib/python3.12/site-packages/starlette/_utils.py", line 87, in collapse_excgroups
  |     yield
  |   File "/Elite-ai-pod-projects/494d3fc8-f8b6-4f1f-a01d-d8d14f21994a/workspace/boots-shopping-app/.sandbox/venv/lib/python3.12/site-packages/starlette/middleware/base.py", line 190, in __call__
  |     async with anyio.create_task_group() as task_group:
  |                ^^^^^^^^^^^^^^^^^^^^^^^^^
  |   File "/Elite-ai-pod-projects/494d3fc8-f8b6-4f1f-a01d-d8d14f21994a/workspace/boots-shopping-app/.sandbox/venv/lib/python3.12/site-packages/anyio/_backends/_asyncio.py", line 811, in __aexit__
  |     raise BaseExceptionGroup(
  | ExceptionGroup: unhandled errors in a TaskGroup (1 sub-exception)
  +-+---------------- 1 ----------------
    | Traceback (most recent call last):
    |   File "/Elite-ai-pod-projects/494d3fc8-f8b6-4f1f-a01d-d8d14f21994a/workspace/boots-shopping-app/.sandbox/venv/lib/python3.12/site-packages/_pytest/runner.py", line 361, in from_call
    |     result: TResult | None = func()
    |                              ^^^^^^
    |   File "/Elite-ai-pod-projects/494d3fc8-f8b6-4f1f-a01d-d8d14f21994a/workspace/boots-shopping-app/.sandbox/venv/lib/python3.12/site-packages/_pytest/runner.py", line 250, in <lambda>
    |     lambda: runtest_hook(item=item, **kwds),
    |             ^^^^^^^^^^^^^^^^^^^^^^^^^^^^^^^
    |   File "/Elite-ai-pod-projects/494d3fc8-f8b6-4f1f-a01d-d8d14f21994a/workspace/boots-shopping-app/.sandbox/venv/lib/python3.12/site-packages/pluggy/_hooks.py", line 512, in __call__
    |     return self._hookexec(self.name, self._hookimpls.copy(), kwargs, firstresult)
    |            ^^^^^^^^^^^^^^^^^^^^^^^^^^^^^^^^^^^^^^^^^^^^^^^^^^^^^^^^^^^^^^^^^^^^^^
    |   File "/Elite-ai-pod-projects/494d3fc8-f8b6-4f1f-a01d-d8d14f21994a/workspace/boots-shopping-app/.sandbox/venv/lib/python3.12/site-packages/pluggy/_manager.py", line 120, in _hookexec
    |     return self._inner_hookexec(hook_name, methods, kwargs, firstresult)
    |            ^^^^^^^^^^^^^^^^^^^^^^^^^^^^^^^^^^^^^^^^^^^^^^^^^^^^^^^^^^^^^
    |   File "/Elite-ai-pod-projects/494d3fc8-f8b6-4f1f-a01d-d8d14f21994a/workspace/boots-shopping-app/.sandbox/venv/lib/python3.12/site-packages/pluggy/_callers.py", line 167, in _multicall
    |     raise exception
    |   File "/Elite-ai-pod-projects/494d3fc8-f8b6-4f1f-a01d-d8d14f21994a/workspace/boots-shopping-app/.sandbox/venv/lib/python3.12/site-packages/pluggy/_callers.py", line 139, in _multicall
    |     teardown.throw(exception)
    |   File "/Elite-ai-pod-projects/494d3fc8-f8b6-4f1f-a01d-d8d14f21994a/workspace/boots-shopping-app/.sandbox/venv/lib/python3.12/site-packages/_pytest/logging.py", line 865, in pytest_runtest_call
    |     yield
    |   File "/Elite-ai-pod-projects/494d3fc8-f8b6-4f1f-a01d-d8d14f21994a/workspace/boots-shopping-app/.sandbox/venv/lib/python3.12/site-packages/pluggy/_callers.py", line 139, in _multicall
    |     teardown.throw(exception)
    |   File "/Elite-ai-pod-projects/494d3fc8-f8b6-4f1f-a01d-d8d14f21994a/workspace/boots-shopping-app/.sandbox/venv/lib/python3.12/site-packages/pluggy/_callers.py", line 53, in run_old_style_hookwrapper
    |     return result.get_result()
    |            ^^^^^^^^^^^^^^^^^^^
    |   File "/Elite-ai-pod-projects/494d3fc8-f8b6-4f1f-a01d-d8d14f21994a/workspace/boots-shopping-app/.sandbox/venv/lib/python3.12/site-packages/pluggy/_result.py", line 103, in get_result
    |     raise exc.with_traceback(tb)
    |   File "/Elite-ai-pod-projects/494d3fc8-f8b6-4f1f-a01d-d8d14f21994a/workspace/boots-shopping-app/.sandbox/venv/lib/python3.12/site-packages/pluggy/_callers.py", line 38, in run_old_style_hookwrapper
    |     res = yield
    |           ^^^^^
    |   File "/Elite-ai-pod-projects/494d3fc8-f8b6-4f1f-a01d-d8d14f21994a/workspace/boots-shopping-app/.sandbox/venv/lib/python3.12/site-packages/pluggy/_callers.py", line 139, in _multicall
    |     teardown.throw(exception)
    |   File "/Elite-ai-pod-projects/494d3fc8-f8b6-4f1f-a01d-d8d14f21994a/workspace/boots-shopping-app/.sandbox/venv/lib/python3.12/site-packages/_pytest/capture.py", line 900, in pytest_runtest_call
    |     return (yield)
    |             ^^^^^
    |   File "/Elite-ai-pod-projects/494d3fc8-f8b6-4f1f-a01d-d8d14f21994a/workspace/boots-shopping-app/.sandbox/venv/lib/python3.12/site-packages/pluggy/_callers.py", line 139, in _multicall
    |     teardown.throw(exception)
    |   File "/Elite-ai-pod-projects/494d3fc8-f8b6-4f1f-a01d-d8d14f21994a/workspace/boots-shopping-app/.sandbox/venv/lib/python3.12/site-packages/_pytest/skipping.py", line 268, in pytest_runtest_call
    |     return (yield)
    |             ^^^^^
    |   File "/Elite-ai-pod-projects/494d3fc8-f8b6-4f1f-a01d-d8d14f21994a/workspace/boots-shopping-app/.sandbox/venv/lib/python3.12/site-packages/pluggy/_callers.py", line 121, in _multicall
    |     res = hook_impl.function(*args)
    |           ^^^^^^^^^^^^^^^^^^^^^^^^^
    |   File "/Elite-ai-pod-projects/494d3fc8-f8b6-4f1f-a01d-d8d14f21994a/workspace/boots-shopping-app/.sandbox/venv/lib/python3.12/site-packages/_pytest/runner.py", line 184, in pytest_runtest_call
    |     item.runtest()
    |   File "/Elite-ai-pod-projects/494d3fc8-f8b6-4f1f-a01d-d8d14f21994a/workspace/boots-shopping-app/.sandbox/venv/lib/python3.12/site-packages/pytest_asyncio/plugin.py", line 569, in runtest
    |     super().runtest()
    |   File "/Elite-ai-pod-projects/494d3fc8-f8b6-4f1f-a01d-d8d14f21994a/workspace/boots-shopping-app/.sandbox/venv/lib/python3.12/site-packages/_pytest/python.py", line 1707, in runtest
    |     self.ihook.pytest_pyfunc_call(pyfuncitem=self)
    |   File "/Elite-ai-pod-projects/494d3fc8-f8b6-4f1f-a01d-d8d14f21994a/workspace/boots-shopping-app/.sandbox/venv/lib/python3.12/site-packages/pluggy/_hooks.py", line 512, in __call__
    |     return self._hookexec(self.name, self._hookimpls.copy(), kwargs, firstresult)
    |            ^^^^^^^^^^^^^^^^^^^^^^^^^^^^^^^^^^^^^^^^^^^^^^^^^^^^^^^^^^^^^^^^^^^^^^
    |   File "/Elite-ai-pod-projects/494d3fc8-f8b6-4f1f-a01d-d8d14f21994a/workspace/boots-shopping-app/.sandbox/venv/lib/python3.12/site-packages/pluggy/_manager.py", line 120, in _hookexec
    |     return self._inner_hookexec(hook_name, methods, kwargs, firstresult)
    |            ^^^^^^^^^^^^^^^^^^^^^^^^^^^^^^^^^^^^^^^^^^^^^^^^^^^^^^^^^^^^^
    |   File "/Elite-ai-pod-projects/494d3fc8-f8b6-4f1f-a01d-d8d14f21994a/workspace/boots-shopping-app/.sandbox/venv/lib/python3.12/site-packages/pluggy/_callers.py", line 167, in _multicall
    |     raise exception
    |   File "/Elite-ai-pod-projects/494d3fc8-f8b6-4f1f-a01d-d8d14f21994a/workspace/boots-shopping-app/.sandbox/venv/lib/python3.12/site-packages/pluggy/_callers.py", line 139, in _multicall
    |     teardown.throw(exception)
    |   File "/Elite-ai-pod-projects/494d3fc8-f8b6-4f1f-a01d-d8d14f21994a/workspace/boots-shopping-app/.sandbox/venv/lib/python3.12/site-packages/pluggy/_callers.py", line 53, in run_old_style_hookwrapper
    |     return result.get_result()
    |            ^^^^^^^^^^^^^^^^^^^
    |   File "/Elite-ai-pod-projects/494d3fc8-f8b6-4f1f-a01d-d8d14f21994a/workspace/boots-shopping-app/.sandbox/venv/lib/python3.12/site-packages/pluggy/_result.py", line 103, in get_result
    |     raise exc.with_traceback(tb)
    |   File "/Elite-ai-pod-projects/494d3fc8-f8b6-4f1f-a01d-d8d14f21994a/workspace/boots-shopping-app/.sandbox/venv/lib/python3.12/site-packages/pluggy/_callers.py", line 38, in run_old_style_hookwrapper
    |     res = yield
    |           ^^^^^
    |   File "/Elite-ai-pod-projects/494d3fc8-f8b6-4f1f-a01d-d8d14f21994a/workspace/boots-shopping-app/.sandbox/venv/lib/python3.12/site-packages/pluggy/_callers.py", line 121, in _multicall
    |     res = hook_impl.function(*args)
    |           ^^^^^^^^^^^^^^^^^^^^^^^^^
    |   File "/Elite-ai-pod-projects/494d3fc8-f8b6-4f1f-a01d-d8d14f21994a/workspace/boots-shopping-app/.sandbox/venv/lib/python3.12/site-packages/_pytest/python.py", line 167, in pytest_pyfunc_call
    |     result = testfunction(**testargs)
    |              ^^^^^^^^^^^^^^^^^^^^^^^^
    |   File "/Elite-ai-pod-projects/494d3fc8-f8b6-4f1f-a01d-d8d14f21994a/workspace/boots-shopping-app/.sandbox/venv/lib/python3.12/site-packages/pytest_asyncio/plugin.py", line 905, in inner
    |     runner.run(coro, context=context)
    |   File "/root/.local/share/uv/python/cpython-3.12.13-linux-x86_64-gnu/lib/python3.12/asyncio/runners.py", line 118, in run
    |     return self._loop.run_until_complete(task)
    |            ^^^^^^^^^^^^^^^^^^^^^^^^^^^^^^^^^^^
    |   File "/root/.local/share/uv/python/cpython-3.12.13-linux-x86_64-gnu/lib/python3.12/asyncio/base_events.py", line 691, in run_until_complete
    |     return future.result()
    |            ^^^^^^^^^^^^^^^
    |   File "/Elite-ai-pod-projects/494d3fc8-f8b6-4f1f-a01d-d8d14f21994a/workspace/boots-shopping-app/tests/integration/sprint_1/test_account.py", line 62, in test_order_history_shows_expected_fields
    |     response = await async_client.get(
    |                ^^^^^^^^^^^^^^^^^^^^^^^
    |   File "/Elite-ai-pod-projects/494d3fc8-f8b6-4f1f-a01d-d8d14f21994a/workspace/boots-shopping-app/.sandbox/venv/lib/python3.12/site-packages/httpx/_client.py", line 1801, in get
    |     return await self.request(
    |            ^^^^^^^^^^^^^^^^^^^
    |   File "/Elite-ai-pod-projects/494d3fc8-f8b6-4f1f-a01d-d8d14f21994a/workspace/boots-shopping-app/.sandbox/venv/lib/python3.12/site-packages/httpx/_client.py", line 1574, in request
    |     return await self.send(request, auth=auth, follow_redirects=follow_redirects)
    |            ^^^^^^^^^^^^^^^^^^^^^^^^^^^^^^^^^^^^^^^^^^^^^^^^^^^^^^^^^^^^^^^^^^^^^^
    |   File "/Elite-ai-pod-projects/494d3fc8-f8b6-4f1f-a01d-d8d14f21994a/workspace/boots-shopping-app/.sandbox/venv/lib/python3.12/site-packages/httpx/_client.py", line 1661, in send
    |     response = await self._send_handling_auth(
    |                ^^^^^^^^^^^^^^^^^^^^^^^^^^^^^^^
    |   File "/Elite-ai-pod-projects/494d3fc8-f8b6-4f1f-a01d-d8d14f21994a/workspace/boots-shopping-app/.sandbox/venv/lib/python3.12/site-packages/httpx/_client.py", line 1689, in _send_handling_auth
    |     response = await self._send_handling_redirects(
    |                ^^^^^^^^^^^^^^^^^^^^^^^^^^^^^^^^^^^^
    |   File "/Elite-ai-pod-projects/494d3fc8-f8b6-4f1f-a01d-d8d14f21994a/workspace/boots-shopping-app/.sandbox/venv/lib/python3.12/site-packages/httpx/_client.py", line 1726, in _send_handling_redirects
    |     response = await self._send_single_request(request)
    |                ^^^^^^^^^^^^^^^^^^^^^^^^^^^^^^^^^^^^^^^^
    |   File "/Elite-ai-pod-projects/494d3fc8-f8b6-4f1f-a01d-d8d14f21994a/workspace/boots-shopping-app/.sandbox/venv/lib/python3.12/site-packages/httpx/_client.py", line 1763, in _send_single_request
    |     response = await transport.handle_async_request(request)
    |                ^^^^^^^^^^^^^^^^^^^^^^^^^^^^^^^^^^^^^^^^^^^^^
    |   File "/Elite-ai-pod-projects/494d3fc8-f8b6-4f1f-a01d-d8d14f21994a/workspace/boots-shopping-app/.sandbox/venv/lib/python3.12/site-packages/httpx/_transports/asgi.py", line 164, in handle_async_request
    |     await self.app(scope, receive, send)
    |   File "/Elite-ai-pod-projects/494d3fc8-f8b6-4f1f-a01d-d8d14f21994a/workspace/boots-shopping-app/.sandbox/venv/lib/python3.12/site-packages/fastapi/applications.py", line 1054, in __call__
    |     await super().__call__(scope, receive, send)
    |   File "/Elite-ai-pod-projects/494d3fc8-f8b6-4f1f-a01d-d8d14f21994a/workspace/boots-shopping-app/.sandbox/venv/lib/python3.12/site-packages/starlette/applications.py", line 123, in __call__
    |     await self.middleware_stack(scope, receive, send)
    |   File "/Elite-ai-pod-projects/494d3fc8-f8b6-4f1f-a01d-d8d14f21994a/workspace/boots-shopping-app/.sandbox/venv/lib/python3.12/site-packages/starlette/middleware/errors.py", line 186, in __call__
    |     raise exc
    |   File "/Elite-ai-pod-projects/494d3fc8-f8b6-4f1f-a01d-d8d14f21994a/workspace/boots-shopping-app/.sandbox/venv/lib/python3.12/site-packages/starlette/middleware/errors.py", line 164, in __call__
    |     await self.app(scope, receive, _send)
    |   File "/Elite-ai-pod-projects/494d3fc8-f8b6-4f1f-a01d-d8d14f21994a/workspace/boots-shopping-app/.sandbox/venv/lib/python3.12/site-packages/starlette/middleware/base.py", line 189, in __call__
    |     with collapse_excgroups():
    |          ^^^^^^^^^^^^^^^^^^^^
    |   File "/root/.local/share/uv/python/cpython-3.12.13-linux-x86_64-gnu/lib/python3.12/contextlib.py", line 158, in __exit__
    |     self.gen.throw(value)
    |   File "/Elite-ai-pod-projects/494d3fc8-f8b6-4f1f-a01d-d8d14f21994a/workspace/boots-shopping-app/.sandbox/venv/lib/python3.12/site-packages/starlette/_utils.py", line 93, in collapse_excgroups
    |     raise exc
    |   File "/Elite-ai-pod-projects/494d3fc8-f8b6-4f1f-a01d-d8d14f21994a/workspace/boots-shopping-app/.sandbox/venv/lib/python3.12/site-packages/starlette/middleware/base.py", line 191, in __call__
    |     response = await self.dispatch_func(request, call_next)
    |                ^^^^^^^^^^^^^^^^^^^^^^^^^^^^^^^^^^^^^^^^^^^^
    |   File "/Elite-ai-pod-projects/494d3fc8-f8b6-4f1f-a01d-d8d14f21994a/workspace/boots-shopping-app/app/core/middleware.py", line 30, in dispatch
    |     response: Response = await call_next(request)
    |                          ^^^^^^^^^^^^^^^^^^^^^^^^
    |   File "/Elite-ai-pod-projects/494d3fc8-f8b6-4f1f-a01d-d8d14f21994a/workspace/boots-shopping-app/.sandbox/venv/lib/python3.12/site-packages/starlette/middleware/base.py", line 165, in call_next
    |     raise app_exc
    |   File "/Elite-ai-pod-projects/494d3fc8-f8b6-4f1f-a01d-d8d14f21994a/workspace/boots-shopping-app/.sandbox/venv/lib/python3.12/site-packages/starlette/middleware/base.py", line 151, in coro
    |     await self.app(scope, receive_or_disconnect, send_no_error)
    |   File "/Elite-ai-pod-projects/494d3fc8-f8b6-4f1f-a01d-d8d14f21994a/workspace/boots-shopping-app/.sandbox/venv/lib/python3.12/site-packages/starlette/middleware/cors.py", line 85, in __call__
    |     await self.app(scope, receive, send)
    |   File "/Elite-ai-pod-projects/494d3fc8-f8b6-4f1f-a01d-d8d14f21994a/workspace/boots-shopping-app/.sandbox/venv/lib/python3.12/site-packages/starlette/middleware/exceptions.py", line 65, in __call__
    |     await wrap_app_handling_exceptions(self.app, conn)(scope, receive, send)
    |   File "/Elite-ai-pod-projects/494d3fc8-f8b6-4f1f-a01d-d8d14f21994a/workspace/boots-shopping-app/.sandbox/venv/lib/python3.12/site-packages/starlette/_exception_handler.py", line 64, in wrapped_app
    |     raise exc
    |   File "/Elite-ai-pod-projects/494d3fc8-f8b6-4f1f-a01d-d8d14f21994a/workspace/boots-shopping-app/.sandbox/venv/lib/python3.12/site-packages/starlette/_exception_handler.py", line 53, in wrapped_app
    |     await app(scope, receive, sender)
    |   File "/Elite-ai-pod-projects/494d3fc8-f8b6-4f1f-a01d-d8d14f21994a/workspace/boots-shopping-app/.sandbox/venv/lib/python3.12/site-packages/starlette/routing.py", line 756, in __call__
    |     await self.middleware_stack(scope, receive, send)
    |   File "/Elite-ai-pod-projects/494d3fc8-f8b6-4f1f-a01d-d8d14f21994a/workspace/boots-shopping-app/.sandbox/venv/lib/python3.12/site-packages/starlette/routing.py", line 776, in app
    |     await route.handle(scope, receive, send)
    |   File "/Elite-ai-pod-projects/494d3fc8-f8b6-4f1f-a01d-d8d14f21994a/workspace/boots-shopping-app/.sandbox/venv/lib/python3.12/site-packages/starlette/routing.py", line 297, in handle
    |     await self.app(scope, receive, send)
    |   File "/Elite-ai-pod-projects/494d3fc8-f8b6-4f1f-a01d-d8d14f21994a/workspace/boots-shopping-app/.sandbox/venv/lib/python3.12/site-packages/starlette/routing.py", line 77, in app
    |     await wrap_app_handling_exceptions(app, request)(scope, receive, send)
    |   File "/Elite-ai-pod-projects/494d3fc8-f8b6-4f1f-a01d-d8d14f21994a/workspace/boots-shopping-app/.sandbox/venv/lib/python3.12/site-packages/starlette/_exception_handler.py", line 64, in wrapped_app
    |     raise exc
    |   File "/Elite-ai-pod-projects/494d3fc8-f8b6-4f1f-a01d-d8d14f21994a/workspace/boots-shopping-app/.sandbox/venv/lib/python3.12/site-packages/starlette/_exception_handler.py", line 53, in wrapped_app
    |     await app(scope, receive, sender)
    |   File "/Elite-ai-pod-projects/494d3fc8-f8b6-4f1f-a01d-d8d14f21994a/workspace/boots-shopping-app/.sandbox/venv/lib/python3.12/site-packages/starlette/routing.py", line 72, in app
    |     response = await func(request)
    |                ^^^^^^^^^^^^^^^^^^^
    |   File "/Elite-ai-pod-projects/494d3fc8-f8b6-4f1f-a01d-d8d14f21994a/workspace/boots-shopping-app/.sandbox/venv/lib/python3.12/site-packages/fastapi/routing.py", line 278, in app
    |     raw_response = await run_endpoint_function(
    |                    ^^^^^^^^^^^^^^^^^^^^^^^^^^^^
    |   File "/Elite-ai-pod-projects/494d3fc8-f8b6-4f1f-a01d-d8d14f21994a/workspace/boots-shopping-app/.sandbox/venv/lib/python3.12/site-packages/fastapi/routing.py", line 191, in run_endpoint_function
    |     return await dependant.call(**values)
    |            ^^^^^^^^^^^^^^^^^^^^^^^^^^^^^^
    |   File "/Elite-ai-pod-projects/494d3fc8-f8b6-4f1f-a01d-d8d14f21994a/workspace/boots-shopping-app/app/domains/account/router.py", line 60, in get_order_history
    |     orders = await service.get_order_history(current_user.id)
    |              ^^^^^^^^^^^^^^^^^^^^^^^^^^^^^^^^^^^^^^^^^^^^^^^^
    |   File "/Elite-ai-pod-projects/494d3fc8-f8b6-4f1f-a01d-d8d14f21994a/workspace/boots-shopping-app/app/domains/account/service.py", line 86, in get_order_history
    |     result = await self.db.execute(
    |                    ^^^^^^^^^^^^^^^
    | AttributeError: 'User' object has no attribute 'execute'
    +------------------------------------

During handling of the above exception, another exception occurred:

Traceback (most recent call last):
  File "/Elite-ai-pod-projects/494d3fc8-f8b6-4f1f-a01d-d8d14f21994a/workspace/boots-shopping-app/tests/integration/sprint_1/test_account.py", line 62, in test_order_history_shows_expected_fields
    response = await async_client.get(
               ^^^^^^^^^^^^^^^^^^^^^^^
  File "/Elite-ai-pod-projects/494d3fc8-f8b6-4f1f-a01d-d8d14f21994a/workspace/boots-shopping-app/.sandbox/venv/lib/python3.12/site-packages/httpx/_client.py", line 1801, in get
    return await self.request(
           ^^^^^^^^^^^^^^^^^^^
  File "/Elite-ai-pod-projects/494d3fc8-f8b6-4f1f-a01d-d8d14f21994a/workspace/boots-shopping-app/.sandbox/venv/lib/python3.12/site-packages/httpx/_client.py", line 1574, in request
    return await self.send(request, auth=auth, follow_redirects=follow_redirects)
           ^^^^^^^^^^^^^^^^^^^^^^^^^^^^^^^^^^^^^^^^^^^^^^^^^^^^^^^^^^^^^^^^^^^^^^
  File "/Elite-ai-pod-projects/494d3fc8-f8b6-4f1f-a01d-d8d14f21994a/workspace/boots-shopping-app/.sandbox/venv/lib/python3.12/site-packages/httpx/_client.py", line 1661, in send
    response = await self._send_handling_auth(
               ^^^^^^^^^^^^^^^^^^^^^^^^^^^^^^^
  File "/Elite-ai-pod-projects/494d3fc8-f8b6-4f1f-a01d-d8d14f21994a/workspace/boots-shopping-app/.sandbox/venv/lib/python3.12/site-packages/httpx/_client.py", line 1689, in _send_handling_auth
    response = await self._send_handling_redirects(
               ^^^^^^^^^^^^^^^^^^^^^^^^^^^^^^^^^^^^
  File "/Elite-ai-pod-projects/494d3fc8-f8b6-4f1f-a01d-d8d14f21994a/workspace/boots-shopping-app/.sandbox/venv/lib/python3.12/site-packages/httpx/_client.py", line 1726, in _send_handling_redirects
    response = await self._send_single_request(request)
               ^^^^^^^^^^^^^^^^^^^^^^^^^^^^^^^^^^^^^^^^
  File "/Elite-ai-pod-projects/494d3fc8-f8b6-4f1f-a01d-d8d14f21994a/workspace/boots-shopping-app/.sandbox/venv/lib/python3.12/site-packages/httpx/_client.py", line 1763, in _send_single_request
    response = await transport.handle_async_request(request)
               ^^^^^^^^^^^^^^^^^^^^^^^^^^^^^^^^^^^^^^^^^^^^^
  File "/Elite-ai-pod-projects/494d3fc8-f8b6-4f1f-a01d-d8d14f21994a/workspace/boots-shopping-app/.sandbox/venv/lib/python3.12/site-packages/httpx/_transports/asgi.py", line 164, in handle_async_request
    await self.app(scope, receive, send)
  File "/Elite-ai-pod-projects/494d3fc8-f8b6-4f1f-a01d-d8d14f21994a/workspace/boots-shopping-app/.sandbox/venv/lib/python3.12/site-packages/fastapi/applications.py", line 1054, in __call__
    await super().__call__(scope, receive, send)
  File "/Elite-ai-pod-projects/494d3fc8-f8b6-4f1f-a01d-d8d14f21994a/workspace/boots-shopping-app/.sandbox/venv/lib/python3.12/site-packages/starlette/applications.py", line 123, in __call__
    await self.middleware_stack(scope, receive, send)
  File "/Elite-ai-pod-projects/494d3fc8-f8b6-4f1f-a01d-d8d14f21994a/workspace/boots-shopping-app/.sandbox/venv/lib/python3.12/site-packages/starlette/middleware/errors.py", line 186, in __call__
    raise exc
  File "/Elite-ai-pod-projects/494d3fc8-f8b6-4f1f-a01d-d8d14f21994a/workspace/boots-shopping-app/.sandbox/venv/lib/python3.12/site-packages/starlette/middleware/errors.py", line 164, in __call__
    await self.app(scope, receive, _send)
  File "/Elite-ai-pod-projects/494d3fc8-f8b6-4f1f-a01d-d8d14f21994a/workspace/boots-shopping-app/.sandbox/venv/lib/python3.12/site-packages/starlette/middleware/base.py", line 189, in __call__
    with collapse_excgroups():
         ^^^^^^^^^^^^^^^^^^^^
  File "/root/.local/share/uv/python/cpython-3.12.13-linux-x86_64-gnu/lib/python3.12/contextlib.py", line 158, in __exit__
    self.gen.throw(value)
  File "/Elite-ai-pod-projects/494d3fc8-f8b6-4f1f-a01d-d8d14f21994a/workspace/boots-shopping-app/.sandbox/venv/lib/python3.12/site-packages/starlette/_utils.py", line 93, in collapse_excgroups
    raise exc
  File "/Elite-ai-pod-projects/494d3fc8-f8b6-4f1f-a01d-d8d14f21994a/workspace/boots-shopping-app/.sandbox/venv/lib/python3.12/site-packages/starlette/middleware/base.py", line 191, in __call__
    response = await self.dispatch_func(request, call_next)
               ^^^^^^^^^^^^^^^^^^^^^^^^^^^^^^^^^^^^^^^^^^^^
  File "/Elite-ai-pod-projects/494d3fc8-f8b6-4f1f-a01d-d8d14f21994a/workspace/boots-shopping-app/app/core/middleware.py", line 30, in dispatch
    response: Response = await call_next(request)
                         ^^^^^^^^^^^^^^^^^^^^^^^^
  File "/Elite-ai-pod-projects/494d3fc8-f8b6-4f1f-a01d-d8d14f21994a/workspace/boots-shopping-app/.sandbox/venv/lib/python3.12/site-packages/starlette/middleware/base.py", line 165, in call_next
    raise app_exc
  File "/Elite-ai-pod-projects/494d3fc8-f8b6-4f1f-a01d-d8d14f21994a/workspace/boots-shopping-app/.sandbox/venv/lib/python3.12/site-packages/starlette/middleware/base.py", line 151, in coro
    await self.app(scope, receive_or_disconnect, send_no_error)
  File "/Elite-ai-pod-projects/494d3fc8-f8b6-4f1f-a01d-d8d14f21994a/workspace/boots-shopping-app/.sandbox/venv/lib/python3.12/site-packages/starlette/middleware/cors.py", line 85, in __call__
    await self.app(scope, receive, send)
  File "/Elite-ai-pod-projects/494d3fc8-f8b6-4f1f-a01d-d8d14f21994a/workspace/boots-shopping-app/.sandbox/venv/lib/python3.12/site-packages/starlette/middleware/exceptions.py", line 65, in __call__
    await wrap_app_handling_exceptions(self.app, conn)(scope, receive, send)
  File "/Elite-ai-pod-projects/494d3fc8-f8b6-4f1f-a01d-d8d14f21994a/workspace/boots-shopping-app/.sandbox/venv/lib/python3.12/site-packages/starlette/_exception_handler.py", line 64, in wrapped_app
    raise exc
  File "/Elite-ai-pod-projects/494d3fc8-f8b6-4f1f-a01d-d8d14f21994a/workspace/boots-shopping-app/.sandbox/venv/lib/python3.12/site-packages/starlette/_exception_handler.py", line 53, in wrapped_app
    await app(scope, receive, sender)
  File "/Elite-ai-pod-projects/494d3fc8-f8b6-4f1f-a01d-d8d14f21994a/workspace/boots-shopping-app/.sandbox/venv/lib/python3.12/site-packages/starlette/routing.py", line 756, in __call__
    await self.middleware_stack(scope, receive, send)
  File "/Elite-ai-pod-projects/494d3fc8-f8b6-4f1f-a01d-d8d14f21994a/workspace/boots-shopping-app/.sandbox/venv/lib/python3.12/site-packages/starlette/routing.py", line 776, in app
    await route.handle(scope, receive, send)
  File "/Elite-ai-pod-projects/494d3fc8-f8b6-4f1f-a01d-d8d14f21994a/workspace/boots-shopping-app/.sandbox/venv/lib/python3.12/site-packages/starlette/routing.py", line 297, in handle
    await self.app(scope, receive, send)
  File "/Elite-ai-pod-projects/494d3fc8-f8b6-4f1f-a01d-d8d14f21994a/workspace/boots-shopping-app/.sandbox/venv/lib/python3.12/site-packages/starlette/routing.py", line 77, in app
    await wrap_app_handling_exceptions(app, request)(scope, receive, send)
  File "/Elite-ai-pod-projects/494d3fc8-f8b6-4f1f-a01d-d8d14f21994a/workspace/boots-shopping-app/.sandbox/venv/lib/python3.12/site-packages/starlette/_exception_handler.py", line 64, in wrapped_app
    raise exc
  File "/Elite-ai-pod-projects/494d3fc8-f8b6-4f1f-a01d-d8d14f21994a/workspace/boots-shopping-app/.sandbox/venv/lib/python3.12/site-packages/starlette/_exception_handler.py", line 53, in wrapped_app
    await app(scope, receive, sender)
  File "/Elite-ai-pod-projects/494d3fc8-f8b6-4f1f-a01d-d8d14f21994a/workspace/boots-shopping-app/.sandbox/venv/lib/python3.12/site-packages/starlette/routing.py", line 72, in app
    response = await func(request)
               ^^^^^^^^^^^^^^^^^^^
  File "/Elite-ai-pod-projects/494d3fc8-f8b6-4f1f-a01d-d8d14f21994a/workspace/boots-shopping-app/.sandbox/venv/lib/python3.12/site-packages/fastapi/routing.py", line 278, in app
    raw_response = await run_endpoint_function(
                   ^^^^^^^^^^^^^^^^^^^^^^^^^^^^
  File "/Elite-ai-pod-projects/494d3fc8-f8b6-4f1f-a01d-d8d14f21994a/workspace/boots-shopping-app/.sandbox/venv/lib/python3.12/site-packages/fastapi/routing.py", line 191, in run_endpoint_function
    return await dependant.call(**values)
           ^^^^^^^^^^^^^^^^^^^^^^^^^^^^^^
  File "/Elite-ai-pod-projects/494d3fc8-f8b6-4f1f-a01d-d8d14f21994a/workspace/boots-shopping-app/app/domains/account/router.py", line 60, in get_order_history
    orders = await service.get_order_history(current_user.id)
             ^^^^^^^^^^^^^^^^^^^^^^^^^^^^^^^^^^^^^^^^^^^^^^^^
  File "/Elite-ai-pod-projects/494d3fc8-f8b6-4f1f-a01d-d8d14f21994a/workspace/boots-shopping-app/app/domains/account/service.py", line 86, in get_order_history
    result = await self.db.execute(
                   ^^^^^^^^^^^^^^^
AttributeError: 'User' object has no attribute 'execute'

During handling of the above exception, another exception occurred:
tests/integration/sprint_1/test_account.py:62: in test_order_history_shows_expected_fields
    response = await async_client.get(
.sandbox/venv/lib/python3.12/site-packages/httpx/_client.py:1801: in get
    return await self.request(
.sandbox/venv/lib/python3.12/site-packages/httpx/_client.py:1574: in request
    return await self.send(request, auth=auth, follow_redirects=follow_redirects)
           ^^^^^^^^^^^^^^^^^^^^^^^^^^^^^^^^^^^^^^^^^^^^^^^^^^^^^^^^^^^^^^^^^^^^^^
.sandbox/venv/lib/python3.12/site-packages/httpx/_client.py:1661: in send
    response = await self._send_handling_auth(
.sandbox/venv/lib/python3.12/site-packages/httpx/_client.py:1689: in _send_handling_auth
    response = await self._send_handling_redirects(
.sandbox/venv/lib/python3.12/site-packages/httpx/_client.py:1726: in _send_handling_redirects
    response = await self._send_single_request(request)
               ^^^^^^^^^^^^^^^^^^^^^^^^^^^^^^^^^^^^^^^^
.sandbox/venv/lib/python3.12/site-packages/httpx/_client.py:1763: in _send_single_request
    response = await transport.handle_async_request(request)
               ^^^^^^^^^^^^^^^^^^^^^^^^^^^^^^^^^^^^^^^^^^^^^
.sandbox/venv/lib/python3.12/site-packages/httpx/_transports/asgi.py:164: in handle_async_request
    await self.app(scope, receive, send)
.sandbox/venv/lib/python3.12/site-packages/fastapi/applications.py:1054: in __call__
    await super().__call__(scope, receive, send)
.sandbox/venv/lib/python3.12/site-packages/starlette/applications.py:123: in __call__
    await self.middleware_stack(scope, receive, send)
.sandbox/venv/lib/python3.12/site-packages/starlette/middleware/errors.py:186: in __call__
    raise exc
.sandbox/venv/lib/python3.12/site-packages/starlette/middleware/errors.py:164: in __call__
    await self.app(scope, receive, _send)
.sandbox/venv/lib/python3.12/site-packages/starlette/middleware/base.py:189: in __call__
    with collapse_excgroups():
         ^^^^^^^^^^^^^^^^^^^^
/root/.local/share/uv/python/cpython-3.12.13-linux-x86_64-gnu/lib/python3.12/contextlib.py:158: in __exit__
    self.gen.throw(value)
.sandbox/venv/lib/python3.12/site-packages/starlette/_utils.py:93: in collapse_excgroups
    raise exc
.sandbox/venv/lib/python3.12/site-packages/starlette/middleware/base.py:191: in __call__
    response = await self.dispatch_func(request, call_next)
               ^^^^^^^^^^^^^^^^^^^^^^^^^^^^^^^^^^^^^^^^^^^^
app/core/middleware.py:30: in dispatch
    response: Response = await call_next(request)
                         ^^^^^^^^^^^^^^^^^^^^^^^^
.sandbox/venv/lib/python3.12/site-packages/starlette/middleware/base.py:165: in call_next
    raise app_exc
.sandbox/venv/lib/python3.12/site-packages/starlette/middleware/base.py:151: in coro
    await self.app(scope, receive_or_disconnect, send_no_error)
.sandbox/venv/lib/python3.12/site-packages/starlette/middleware/cors.py:85: in __call__
    await self.app(scope, receive, send)
.sandbox/venv/lib/python3.12/site-packages/starlette/middleware/exceptions.py:65: in __call__
    await wrap_app_handling_exceptions(self.app, conn)(scope, receive, send)
.sandbox/venv/lib/python3.12/site-packages/starlette/_exception_handler.py:64: in wrapped_app
    raise exc
.sandbox/venv/lib/python3.12/site-packages/starlette/_exception_handler.py:53: in wrapped_app
    await app(scope, receive, sender)
.sandbox/venv/lib/python3.12/site-packages/starlette/routing.py:756: in __call__
    await self.middleware_stack(scope, receive, send)
.sandbox/venv/lib/python3.12/site-packages/starlette/routing.py:776: in app
    await route.handle(scope, receive, send)
.sandbox/venv/lib/python3.12/site-packages/starlette/routing.py:297: in handle
    await self.app(scope, receive, send)
.sandbox/venv/lib/python3.12/site-packages/starlette/routing.py:77: in app
    await wrap_app_handling_exceptions(app, request)(scope, receive, send)
.sandbox/venv/lib/python3.12/site-packages/starlette/_exception_handler.py:64: in wrapped_app
    raise exc
.sandbox/venv/lib/python3.12/site-packages/starlette/_exception_handler.py:53: in wrapped_app
    await app(scope, receive, sender)
.sandbox/venv/lib/python3.12/site-packages/starlette/routing.py:72: in app
    response = await func(request)
               ^^^^^^^^^^^^^^^^^^^
.sandbox/venv/lib/python3.12/site-packages/fastapi/routing.py:278: in app
    raw_response = await run_endpoint_function(
.sandbox/venv/lib/python3.12/site-packages/fastapi/routing.py:191: in run_endpoint_function
    return await dependant.call(**values)
           ^^^^^^^^^^^^^^^^^^^^^^^^^^^^^^
app/domains/account/router.py:60: in get_order_history
    orders = await service.get_order_history(current_user.id)
             ^^^^^^^^^^^^^^^^^^^^^^^^^^^^^^^^^^^^^^^^^^^^^^^^
app/domains/account/service.py:86: in get_order_history
    result = await self.db.execute(
                   ^^^^^^^^^^^^^^^
E   AttributeError: 'User' object has no attribute 'execute'
---------------------------- Captured stdout setup -----------------------------
{"request_id": "44237e78-65db-4bca-8a9d-02fe6c2f6326", "method": "POST", "path": "/api/v1/auth/login", "event": "request_started", "level": "info", "timestamp": "2026-07-07T09:04:50.544712Z"}
{"request_id": "44237e78-65db-4bca-8a9d-02fe6c2f6326", "method": "POST", "path": "/api/v1/auth/login", "status_code": 200, "event": "request_finished", "level": "info", "timestamp": "2026-07-07T09:04:50.885499Z"}
HTTP Request: POST http://test/api/v1/auth/login "HTTP/1.1 200 OK"
------------------------------ Captured log setup ------------------------------
INFO     httpx:_client.py:1773 HTTP Request: POST http://test/api/v1/auth/login "HTTP/1.1 200 OK"
----------------------------- Captured stdout call -----------------------------
{"request_id": "8743be39-a8b7-45f6-965a-fc3fda9e3e02", "method": "GET", "path": "/api/v1/account/orders", "event": "request_started", "level": "info", "timestamp": "2026-07-07T09:04:50.922080Z"}
____________ TestOrderHistory.test_order_history_empty_for_new_user ____________
  + Exception Group Traceback (most recent call last):
  |   File "/Elite-ai-pod-projects/494d3fc8-f8b6-4f1f-a01d-d8d14f21994a/workspace/boots-shopping-app/.sandbox/venv/lib/python3.12/site-packages/starlette/_utils.py", line 87, in collapse_excgroups
  |     yield
  |   File "/Elite-ai-pod-projects/494d3fc8-f8b6-4f1f-a01d-d8d14f21994a/workspace/boots-shopping-app/.sandbox/venv/lib/python3.12/site-packages/starlette/middleware/base.py", line 190, in __call__
  |     async with anyio.create_task_group() as task_group:
  |                ^^^^^^^^^^^^^^^^^^^^^^^^^
  |   File "/Elite-ai-pod-projects/494d3fc8-f8b6-4f1f-a01d-d8d14f21994a/workspace/boots-shopping-app/.sandbox/venv/lib/python3.12/site-packages/anyio/_backends/_asyncio.py", line 811, in __aexit__
  |     raise BaseExceptionGroup(
  | ExceptionGroup: unhandled errors in a TaskGroup (1 sub-exception)
  +-+---------------- 1 ----------------
    | Traceback (most recent call last):
    |   File "/Elite-ai-pod-projects/494d3fc8-f8b6-4f1f-a01d-d8d14f21994a/workspace/boots-shopping-app/.sandbox/venv/lib/python3.12/site-packages/_pytest/runner.py", line 361, in from_call
    |     result: TResult | None = func()
    |                              ^^^^^^
    |   File "/Elite-ai-pod-projects/494d3fc8-f8b6-4f1f-a01d-d8d14f21994a/workspace/boots-shopping-app/.sandbox/venv/lib/python3.12/site-packages/_pytest/runner.py", line 250, in <lambda>
    |     lambda: runtest_hook(item=item, **kwds),
    |             ^^^^^^^^^^^^^^^^^^^^^^^^^^^^^^^
    |   File "/Elite-ai-pod-projects/494d3fc8-f8b6-4f1f-a01d-d8d14f21994a/workspace/boots-shopping-app/.sandbox/venv/lib/python3.12/site-packages/pluggy/_hooks.py", line 512, in __call__
    |     return self._hookexec(self.name, self._hookimpls.copy(), kwargs, firstresult)
    |            ^^^^^^^^^^^^^^^^^^^^^^^^^^^^^^^^^^^^^^^^^^^^^^^^^^^^^^^^^^^^^^^^^^^^^^
    |   File "/Elite-ai-pod-projects/494d3fc8-f8b6-4f1f-a01d-d8d14f21994a/workspace/boots-shopping-app/.sandbox/venv/lib/python3.12/site-packages/pluggy/_manager.py", line 120, in _hookexec
    |     return self._inner_hookexec(hook_name, methods, kwargs, firstresult)
    |            ^^^^^^^^^^^^^^^^^^^^^^^^^^^^^^^^^^^^^^^^^^^^^^^^^^^^^^^^^^^^^
    |   File "/Elite-ai-pod-projects/494d3fc8-f8b6-4f1f-a01d-d8d14f21994a/workspace/boots-shopping-app/.sandbox/venv/lib/python3.12/site-packages/pluggy/_callers.py", line 167, in _multicall
    |     raise exception
    |   File "/Elite-ai-pod-projects/494d3fc8-f8b6-4f1f-a01d-d8d14f21994a/workspace/boots-shopping-app/.sandbox/venv/lib/python3.12/site-packages/pluggy/_callers.py", line 139, in _multicall
    |     teardown.throw(exception)
    |   File "/Elite-ai-pod-projects/494d3fc8-f8b6-4f1f-a01d-d8d14f21994a/workspace/boots-shopping-app/.sandbox/venv/lib/python3.12/site-packages/_pytest/logging.py", line 865, in pytest_runtest_call
    |     yield
    |   File "/Elite-ai-pod-projects/494d3fc8-f8b6-4f1f-a01d-d8d14f21994a/workspace/boots-shopping-app/.sandbox/venv/lib/python3.12/site-packages/pluggy/_callers.py", line 139, in _multicall
    |     teardown.throw(exception)
    |   File "/Elite-ai-pod-projects/494d3fc8-f8b6-4f1f-a01d-d8d14f21994a/workspace/boots-shopping-app/.sandbox/venv/lib/python3.12/site-packages/pluggy/_callers.py", line 53, in run_old_style_hookwrapper
    |     return result.get_result()
    |            ^^^^^^^^^^^^^^^^^^^
    |   File "/Elite-ai-pod-projects/494d3fc8-f8b6-4f1f-a01d-d8d14f21994a/workspace/boots-shopping-app/.sandbox/venv/lib/python3.12/site-packages/pluggy/_result.py", line 103, in get_result
    |     raise exc.with_traceback(tb)
    |   File "/Elite-ai-pod-projects/494d3fc8-f8b6-4f1f-a01d-d8d14f21994a/workspace/boots-shopping-app/.sandbox/venv/lib/python3.12/site-packages/pluggy/_callers.py", line 38, in run_old_style_hookwrapper
    |     res = yield
    |           ^^^^^
    |   File "/Elite-ai-pod-projects/494d3fc8-f8b6-4f1f-a01d-d8d14f21994a/workspace/boots-shopping-app/.sandbox/venv/lib/python3.12/site-packages/pluggy/_callers.py", line 139, in _multicall
    |     teardown.throw(exception)
    |   File "/Elite-ai-pod-projects/494d3fc8-f8b6-4f1f-a01d-d8d14f21994a/workspace/boots-shopping-app/.sandbox/venv/lib/python3.12/site-packages/_pytest/capture.py", line 900, in pytest_runtest_call
    |     return (yield)
    |             ^^^^^
    |   File "/Elite-ai-pod-projects/494d3fc8-f8b6-4f1f-a01d-d8d14f21994a/workspace/boots-shopping-app/.sandbox/venv/lib/python3.12/site-packages/pluggy/_callers.py", line 139, in _multicall
    |     teardown.throw(exception)
    |   File "/Elite-ai-pod-projects/494d3fc8-f8b6-4f1f-a01d-d8d14f21994a/workspace/boots-shopping-app/.sandbox/venv/lib/python3.12/site-packages/_pytest/skipping.py", line 268, in pytest_runtest_call
    |     return (yield)
    |             ^^^^^
    |   File "/Elite-ai-pod-projects/494d3fc8-f8b6-4f1f-a01d-d8d14f21994a/workspace/boots-shopping-app/.sandbox/venv/lib/python3.12/site-packages/pluggy/_callers.py", line 121, in _multicall
    |     res = hook_impl.function(*args)
    |           ^^^^^^^^^^^^^^^^^^^^^^^^^
    |   File "/Elite-ai-pod-projects/494d3fc8-f8b6-4f1f-a01d-d8d14f21994a/workspace/boots-shopping-app/.sandbox/venv/lib/python3.12/site-packages/_pytest/runner.py", line 184, in pytest_runtest_call
    |     item.runtest()
    |   File "/Elite-ai-pod-projects/494d3fc8-f8b6-4f1f-a01d-d8d14f21994a/workspace/boots-shopping-app/.sandbox/venv/lib/python3.12/site-packages/pytest_asyncio/plugin.py", line 569, in runtest
    |     super().runtest()
    |   File "/Elite-ai-pod-projects/494d3fc8-f8b6-4f1f-a01d-d8d14f21994a/workspace/boots-shopping-app/.sandbox/venv/lib/python3.12/site-packages/_pytest/python.py", line 1707, in runtest
    |     self.ihook.pytest_pyfunc_call(pyfuncitem=self)
    |   File "/Elite-ai-pod-projects/494d3fc8-f8b6-4f1f-a01d-d8d14f21994a/workspace/boots-shopping-app/.sandbox/venv/lib/python3.12/site-packages/pluggy/_hooks.py", line 512, in __call__
    |     return self._hookexec(self.name, self._hookimpls.copy(), kwargs, firstresult)
    |            ^^^^^^^^^^^^^^^^^^^^^^^^^^^^^^^^^^^^^^^^^^^^^^^^^^^^^^^^^^^^^^^^^^^^^^
    |   File "/Elite-ai-pod-projects/494d3fc8-f8b6-4f1f-a01d-d8d14f21994a/workspace/boots-shopping-app/.sandbox/venv/lib/python3.12/site-packages/pluggy/_manager.py", line 120, in _hookexec
    |     return self._inner_hookexec(hook_name, methods, kwargs, firstresult)
    |            ^^^^^^^^^^^^^^^^^^^^^^^^^^^^^^^^^^^^^^^^^^^^^^^^^^^^^^^^^^^^^
    |   File "/Elite-ai-pod-projects/494d3fc8-f8b6-4f1f-a01d-d8d14f21994a/workspace/boots-shopping-app/.sandbox/venv/lib/python3.12/site-packages/pluggy/_callers.py", line 167, in _multicall
    |     raise exception
    |   File "/Elite-ai-pod-projects/494d3fc8-f8b6-4f1f-a01d-d8d14f21994a/workspace/boots-shopping-app/.sandbox/venv/lib/python3.12/site-packages/pluggy/_callers.py", line 139, in _multicall
    |     teardown.throw(exception)
    |   File "/Elite-ai-pod-projects/494d3fc8-f8b6-4f1f-a01d-d8d14f21994a/workspace/boots-shopping-app/.sandbox/venv/lib/python3.12/site-packages/pluggy/_callers.py", line 53, in run_old_style_hookwrapper
    |     return result.get_result()
    |            ^^^^^^^^^^^^^^^^^^^
    |   File "/Elite-ai-pod-projects/494d3fc8-f8b6-4f1f-a01d-d8d14f21994a/workspace/boots-shopping-app/.sandbox/venv/lib/python3.12/site-packages/pluggy/_result.py", line 103, in get_result
    |     raise exc.with_traceback(tb)
    |   File "/Elite-ai-pod-projects/494d3fc8-f8b6-4f1f-a01d-d8d14f21994a/workspace/boots-shopping-app/.sandbox/venv/lib/python3.12/site-packages/pluggy/_callers.py", line 38, in run_old_style_hookwrapper
    |     res = yield
    |           ^^^^^
    |   File "/Elite-ai-pod-projects/494d3fc8-f8b6-4f1f-a01d-d8d14f21994a/workspace/boots-shopping-app/.sandbox/venv/lib/python3.12/site-packages/pluggy/_callers.py", line 121, in _multicall
    |     res = hook_impl.function(*args)
    |           ^^^^^^^^^^^^^^^^^^^^^^^^^
    |   File "/Elite-ai-pod-projects/494d3fc8-f8b6-4f1f-a01d-d8d14f21994a/workspace/boots-shopping-app/.sandbox/venv/lib/python3.12/site-packages/_pytest/python.py", line 167, in pytest_pyfunc_call
    |     result = testfunction(**testargs)
    |              ^^^^^^^^^^^^^^^^^^^^^^^^
    |   File "/Elite-ai-pod-projects/494d3fc8-f8b6-4f1f-a01d-d8d14f21994a/workspace/boots-shopping-app/.sandbox/venv/lib/python3.12/site-packages/pytest_asyncio/plugin.py", line 905, in inner
    |     runner.run(coro, context=context)
    |   File "/root/.local/share/uv/python/cpython-3.12.13-linux-x86_64-gnu/lib/python3.12/asyncio/runners.py", line 118, in run
    |     return self._loop.run_until_complete(task)
    |            ^^^^^^^^^^^^^^^^^^^^^^^^^^^^^^^^^^^
    |   File "/root/.local/share/uv/python/cpython-3.12.13-linux-x86_64-gnu/lib/python3.12/asyncio/base_events.py", line 691, in run_until_complete
    |     return future.result()
    |            ^^^^^^^^^^^^^^^
    |   File "/Elite-ai-pod-projects/494d3fc8-f8b6-4f1f-a01d-d8d14f21994a/workspace/boots-shopping-app/tests/integration/sprint_1/test_account.py", line 88, in test_order_history_empty_for_new_user
    |     response = await async_client.get(
    |                ^^^^^^^^^^^^^^^^^^^^^^^
    |   File "/Elite-ai-pod-projects/494d3fc8-f8b6-4f1f-a01d-d8d14f21994a/workspace/boots-shopping-app/.sandbox/venv/lib/python3.12/site-packages/httpx/_client.py", line 1801, in get
    |     return await self.request(
    |            ^^^^^^^^^^^^^^^^^^^
    |   File "/Elite-ai-pod-projects/494d3fc8-f8b6-4f1f-a01d-d8d14f21994a/workspace/boots-shopping-app/.sandbox/venv/lib/python3.12/site-packages/httpx/_client.py", line 1574, in request
    |     return await self.send(request, auth=auth, follow_redirects=follow_redirects)
    |            ^^^^^^^^^^^^^^^^^^^^^^^^^^^^^^^^^^^^^^^^^^^^^^^^^^^^^^^^^^^^^^^^^^^^^^
    |   File "/Elite-ai-pod-projects/494d3fc8-f8b6-4f1f-a01d-d8d14f21994a/workspace/boots-shopping-app/.sandbox/venv/lib/python3.12/site-packages/httpx/_client.py", line 1661, in send
    |     response = await self._send_handling_auth(
    |                ^^^^^^^^^^^^^^^^^^^^^^^^^^^^^^^
[...]
    |     return await dependant.call(**values)
    |            ^^^^^^^^^^^^^^^^^^^^^^^^^^^^^^
    |   File "/Elite-ai-pod-projects/494d3fc8-f8b6-4f1f-a01d-d8d14f21994a/workspace/boots-shopping-app/app/domains/products/router.py", line 87, in create_review
    |     product = await service.get_product(product_id=product_id)
    |               ^^^^^^^^^^^^^^^^^^^^^^^^^^^^^^^^^^^^^^^^^^^^^^^^
    |   File "/Elite-ai-pod-projects/494d3fc8-f8b6-4f1f-a01d-d8d14f21994a/workspace/boots-shopping-app/app/domains/products/service.py", line 109, in get_product
    |     return ProductRead.model_validate(product)
    |            ^^^^^^^^^^^^^^^^^^^^^^^^^^^^^^^^^^^
    |   File "/Elite-ai-pod-projects/494d3fc8-f8b6-4f1f-a01d-d8d14f21994a/workspace/boots-shopping-app/.sandbox/venv/lib/python3.12/site-packages/pydantic/main.py", line 551, in model_validate
    |     return cls.__pydantic_validator__.validate_python(
    |            ^^^^^^^^^^^^^^^^^^^^^^^^^^^^^^^^^^^^^^^^^^^
    | pydantic_core._pydantic_core.ValidationError: 1 validation error for ProductRead
    | price
    |   Field required [type=missing, input_value=<app.domains.products.mod...bject at 0x72fcab4eba70>, input_type=Product]
    |     For further information visit https://errors.pydantic.dev/2.7/v/missing
    +------------------------------------

During handling of the above exception, another exception occurred:

Traceback (most recent call last):
  File "/Elite-ai-pod-projects/494d3fc8-f8b6-4f1f-a01d-d8d14f21994a/workspace/boots-shopping-app/tests/integration/sprint_1/test_products.py", line 272, in test_user_cannot_review_same_product_twice
    first = await async_client.post(
            ^^^^^^^^^^^^^^^^^^^^^^^^
  File "/Elite-ai-pod-projects/494d3fc8-f8b6-4f1f-a01d-d8d14f21994a/workspace/boots-shopping-app/.sandbox/venv/lib/python3.12/site-packages/httpx/_client.py", line 1892, in post
    return await self.request(
           ^^^^^^^^^^^^^^^^^^^
  File "/Elite-ai-pod-projects/494d3fc8-f8b6-4f1f-a01d-d8d14f21994a/workspace/boots-shopping-app/.sandbox/venv/lib/python3.12/site-packages/httpx/_client.py", line 1574, in request
    return await self.send(request, auth=auth, follow_redirects=follow_redirects)
           ^^^^^^^^^^^^^^^^^^^^^^^^^^^^^^^^^^^^^^^^^^^^^^^^^^^^^^^^^^^^^^^^^^^^^^
  File "/Elite-ai-pod-projects/494d3fc8-f8b6-4f1f-a01d-d8d14f21994a/workspace/boots-shopping-app/.sandbox/venv/lib/python3.12/site-packages/httpx/_client.py", line 1661, in send
    response = await self._send_handling_auth(
               ^^^^^^^^^^^^^^^^^^^^^^^^^^^^^^^
  File "/Elite-ai-pod-projects/494d3fc8-f8b6-4f1f-a01d-d8d14f21994a/workspace/boots-shopping-app/.sandbox/venv/lib/python3.12/site-packages/httpx/_client.py", line 1689, in _send_handling_auth
    response = await self._send_handling_redirects(
               ^^^^^^^^^^^^^^^^^^^^^^^^^^^^^^^^^^^^
  File "/Elite-ai-pod-projects/494d3fc8-f8b6-4f1f-a01d-d8d14f21994a/workspace/boots-shopping-app/.sandbox/venv/lib/python3.12/site-packages/httpx/_client.py", line 1726, in _send_handling_redirects
    response = await self._send_single_request(request)
               ^^^^^^^^^^^^^^^^^^^^^^^^^^^^^^^^^^^^^^^^
  File "/Elite-ai-pod-projects/494d3fc8-f8b6-4f1f-a01d-d8d14f21994a/workspace/boots-shopping-app/.sandbox/venv/lib/python3.12/site-packages/httpx/_client.py", line 1763, in _send_single_request
    response = await transport.handle_async_request(request)
               ^^^^^^^^^^^^^^^^^^^^^^^^^^^^^^^^^^^^^^^^^^^^^
  File "/Elite-ai-pod-projects/494d3fc8-f8b6-4f1f-a01d-d8d14f21994a/workspace/boots-shopping-app/.sandbox/venv/lib/python3.12/site-packages/httpx/_transports/asgi.py", line 164, in handle_async_request
    await self.app(scope, receive, send)
  File "/Elite-ai-pod-projects/494d3fc8-f8b6-4f1f-a01d-d8d14f21994a/workspace/boots-shopping-app/.sandbox/venv/lib/python3.12/site-packages/fastapi/applications.py", line 1054, in __call__
    await super().__call__(scope, receive, send)
  File "/Elite-ai-pod-projects/494d3fc8-f8b6-4f1f-a01d-d8d14f21994a/workspace/boots-shopping-app/.sandbox/venv/lib/python3.12/site-packages/starlette/applications.py", line 123, in __call__
    await self.middleware_stack(scope, receive, send)
  File "/Elite-ai-pod-projects/494d3fc8-f8b6-4f1f-a01d-d8d14f21994a/workspace/boots-shopping-app/.sandbox/venv/lib/python3.12/site-packages/starlette/middleware/errors.py", line 186, in __call__
    raise exc
  File "/Elite-ai-pod-projects/494d3fc8-f8b6-4f1f-a01d-d8d14f21994a/workspace/boots-shopping-app/.sandbox/venv/lib/python3.12/site-packages/starlette/middleware/errors.py", line 164, in __call__
    await self.app(scope, receive, _send)
  File "/Elite-ai-pod-projects/494d3fc8-f8b6-4f1f-a01d-d8d14f21994a/workspace/boots-shopping-app/.sandbox/venv/lib/python3.12/site-packages/starlette/middleware/base.py", line 189, in __call__
    with collapse_excgroups():
         ^^^^^^^^^^^^^^^^^^^^
  File "/root/.local/share/uv/python/cpython-3.12.13-linux-x86_64-gnu/lib/python3.12/contextlib.py", line 158, in __exit__
    self.gen.throw(value)
  File "/Elite-ai-pod-projects/494d3fc8-f8b6-4f1f-a01d-d8d14f21994a/workspace/boots-shopping-app/.sandbox/venv/lib/python3.12/site-packages/starlette/_utils.py", line 93, in collapse_excgroups
    raise exc
  File "/Elite-ai-pod-projects/494d3fc8-f8b6-4f1f-a01d-d8d14f21994a/workspace/boots-shopping-app/.sandbox/venv/lib/python3.12/site-packages/starlette/middleware/base.py", line 191, in __call__
    response = await self.dispatch_func(request, call_next)
               ^^^^^^^^^^^^^^^^^^^^^^^^^^^^^^^^^^^^^^^^^^^^
  File "/Elite-ai-pod-projects/494d3fc8-f8b6-4f1f-a01d-d8d14f21994a/workspace/boots-shopping-app/app/core/middleware.py", line 30, in dispatch
    response: Response = await call_next(request)
                         ^^^^^^^^^^^^^^^^^^^^^^^^
  File "/Elite-ai-pod-projects/494d3fc8-f8b6-4f1f-a01d-d8d14f21994a/workspace/boots-shopping-app/.sandbox/venv/lib/python3.12/site-packages/starlette/middleware/base.py", line 165, in call_next
    raise app_exc
  File "/Elite-ai-pod-projects/494d3fc8-f8b6-4f1f-a01d-d8d14f21994a/workspace/boots-shopping-app/.sandbox/venv/lib/python3.12/site-packages/starlette/middleware/base.py", line 151, in coro
    await self.app(scope, receive_or_disconnect, send_no_error)
  File "/Elite-ai-pod-projects/494d3fc8-f8b6-4f1f-a01d-d8d14f21994a/workspace/boots-shopping-app/.sandbox/venv/lib/python3.12/site-packages/starlette/middleware/cors.py", line 85, in __call__
    await self.app(scope, receive, send)
  File "/Elite-ai-pod-projects/494d3fc8-f8b6-4f1f-a01d-d8d14f21994a/workspace/boots-shopping-app/.sandbox/venv/lib/python3.12/site-packages/starlette/middleware/exceptions.py", line 65, in __call__
    await wrap_app_handling_exceptions(self.app, conn)(scope, receive, send)
  File "/Elite-ai-pod-projects/494d3fc8-f8b6-4f1f-a01d-d8d14f21994a/workspace/boots-shopping-app/.sandbox/venv/lib/python3.12/site-packages/starlette/_exception_handler.py", line 64, in wrapped_app
    raise exc
  File "/Elite-ai-pod-projects/494d3fc8-f8b6-4f1f-a01d-d8d14f21994a/workspace/boots-shopping-app/.sandbox/venv/lib/python3.12/site-packages/starlette/_exception_handler.py", line 53, in wrapped_app
    await app(scope, receive, sender)
  File "/Elite-ai-pod-projects/494d3fc8-f8b6-4f1f-a01d-d8d14f21994a/workspace/boots-shopping-app/.sandbox/venv/lib/python3.12/site-packages/starlette/routing.py", line 756, in __call__
    await self.middleware_stack(scope, receive, send)
  File "/Elite-ai-pod-projects/494d3fc8-f8b6-4f1f-a01d-d8d14f21994a/workspace/boots-shopping-app/.sandbox/venv/lib/python3.12/site-packages/starlette/routing.py", line 776, in app
    await route.handle(scope, receive, send)
  File "/Elite-ai-pod-projects/494d3fc8-f8b6-4f1f-a01d-d8d14f21994a/workspace/boots-shopping-app/.sandbox/venv/lib/python3.12/site-packages/starlette/routing.py", line 297, in handle
    await self.app(scope, receive, send)
  File "/Elite-ai-pod-projects/494d3fc8-f8b6-4f1f-a01d-d8d14f21994a/workspace/boots-shopping-app/.sandbox/venv/lib/python3.12/site-packages/starlette/routing.py", line 77, in app
    await wrap_app_handling_exceptions(app, request)(scope, receive, send)
  File "/Elite-ai-pod-projects/494d3fc8-f8b6-4f1f-a01d-d8d14f21994a/workspace/boots-shopping-app/.sandbox/venv/lib/python3.12/site-packages/starlette/_exception_handler.py", line 64, in wrapped_app
    raise exc
  File "/Elite-ai-pod-projects/494d3fc8-f8b6-4f1f-a01d-d8d14f21994a/workspace/boots-shopping-app/.sandbox/venv/lib/python3.12/site-packages/starlette/_exception_handler.py", line 53, in wrapped_app
    await app(scope, receive, sender)
  File "/Elite-ai-pod-projects/494d3fc8-f8b6-4f1f-a01d-d8d14f21994a/workspace/boots-shopping-app/.sandbox/venv/lib/python3.12/site-packages/starlette/routing.py", line 72, in app
    response = await func(request)
               ^^^^^^^^^^^^^^^^^^^
  File "/Elite-ai-pod-projects/494d3fc8-f8b6-4f1f-a01d-d8d14f21994a/workspace/boots-shopping-app/.sandbox/venv/lib/python3.12/site-packages/fastapi/routing.py", line 278, in app
    raw_response = await run_endpoint_function(
                   ^^^^^^^^^^^^^^^^^^^^^^^^^^^^
  File "/Elite-ai-pod-projects/494d3fc8-f8b6-4f1f-a01d-d8d14f21994a/workspace/boots-shopping-app/.sandbox/venv/lib/python3.12/site-packages/fastapi/routing.py", line 191, in run_endpoint_function
    return await dependant.call(**values)
           ^^^^^^^^^^^^^^^^^^^^^^^^^^^^^^
  File "/Elite-ai-pod-projects/494d3fc8-f8b6-4f1f-a01d-d8d14f21994a/workspace/boots-shopping-app/app/domains/products/router.py", line 87, in create_review
    product = await service.get_product(product_id=product_id)
              ^^^^^^^^^^^^^^^^^^^^^^^^^^^^^^^^^^^^^^^^^^^^^^^^
  File "/Elite-ai-pod-projects/494d3fc8-f8b6-4f1f-a01d-d8d14f21994a/workspace/boots-shopping-app/app/domains/products/service.py", line 109, in get_product
    return ProductRead.model_validate(product)
           ^^^^^^^^^^^^^^^^^^^^^^^^^^^^^^^^^^^
  File "/Elite-ai-pod-projects/494d3fc8-f8b6-4f1f-a01d-d8d14f21994a/workspace/boots-shopping-app/.sandbox/venv/lib/python3.12/site-packages/pydantic/main.py", line 551, in model_validate
    return cls.__pydantic_validator__.validate_python(
           ^^^^^^^^^^^^^^^^^^^^^^^^^^^^^^^^^^^^^^^^^^^
pydantic_core._pydantic_core.ValidationError: 1 validation error for ProductRead
price
  Field required [type=missing, input_value=<app.domains.products.mod...bject at 0x72fcab4eba70>, input_type=Product]
    For further information visit https://errors.pydantic.dev/2.7/v/missing

During handling of the above exception, another exception occurred:
tests/integration/sprint_1/test_products.py:272: in test_user_cannot_review_same_product_twice
    first = await async_client.post(
.sandbox/venv/lib/python3.12/site-packages/httpx/_client.py:1892: in post
    return await self.request(
.sandbox/venv/lib/python3.12/site-packages/httpx/_client.py:1574: in request
    return await self.send(request, auth=auth, follow_redirects=follow_redirects)
           ^^^^^^^^^^^^^^^^^^^^^^^^^^^^^^^^^^^^^^^^^^^^^^^^^^^^^^^^^^^^^^^^^^^^^^
.sandbox/venv/lib/python3.12/site-packages/httpx/_client.py:1661: in send
    response = await self._send_handling_auth(
.sandbox/venv/lib/python3.12/site-packages/httpx/_client.py:1689: in _send_handling_auth
    response = await self._send_handling_redirects(
.sandbox/venv/lib/python3.12/site-packages/httpx/_client.py:1726: in _send_handling_redirects
    response = await self._send_single_request(request)
               ^^^^^^^^^^^^^^^^^^^^^^^^^^^^^^^^^^^^^^^^
.sandbox/venv/lib/python3.12/site-packages/httpx/_client.py:1763: in _send_single_request
    response = await transport.handle_async_request(request)
               ^^^^^^^^^^^^^^^^^^^^^^^^^^^^^^^^^^^^^^^^^^^^^
.sandbox/venv/lib/python3.12/site-packages/httpx/_transports/asgi.py:164: in handle_async_request
    await self.app(scope, receive, send)
.sandbox/venv/lib/python3.12/site-packages/fastapi/applications.py:1054: in __call__
    await super().__call__(scope, receive, send)
.sandbox/venv/lib/python3.12/site-packages/starlette/applications.py:123: in __call__
    await self.middleware_stack(scope, receive, send)
.sandbox/venv/lib/python3.12/site-packages/starlette/middleware/errors.py:186: in __call__
    raise exc
.sandbox/venv/lib/python3.12/site-packages/starlette/middleware/errors.py:164: in __call__
    await self.app(scope, receive, _send)
.sandbox/venv/lib/python3.12/site-packages/starlette/middleware/base.py:189: in __call__
    with collapse_excgroups():
         ^^^^^^^^^^^^^^^^^^^^
/root/.local/share/uv/python/cpython-3.12.13-linux-x86_64-gnu/lib/python3.12/contextlib.py:158: in __exit__
    self.gen.throw(value)
.sandbox/venv/lib/python3.12/site-packages/starlette/_utils.py:93: in collapse_excgroups
    raise exc
.sandbox/venv/lib/python3.12/site-packages/starlette/middleware/base.py:191: in __call__
    response = await self.dispatch_func(request, call_next)
               ^^^^^^^^^^^^^^^^^^^^^^^^^^^^^^^^^^^^^^^^^^^^
app/core/middleware.py:30: in dispatch
    response: Response = await call_next(request)
                         ^^^^^^^^^^^^^^^^^^^^^^^^
.sandbox/venv/lib/python3.12/site-packages/starlette/middleware/base.py:165: in call_next
    raise app_exc
.sandbox/venv/lib/python3.12/site-packages/starlette/middleware/base.py:151: in coro
    await self.app(scope, receive_or_disconnect, send_no_error)
.sandbox/venv/lib/python3.12/site-packages/starlette/middleware/cors.py:85: in __call__
    await self.app(scope, receive, send)
.sandbox/venv/lib/python3.12/site-packages/starlette/middleware/exceptions.py:65: in __call__
    await wrap_app_handling_exceptions(self.app, conn)(scope, receive, send)
.sandbox/venv/lib/python3.12/site-packages/starlette/_exception_handler.py:64: in wrapped_app
    raise exc
.sandbox/venv/lib/python3.12/site-packages/starlette/_exception_handler.py:53: in wrapped_app
    await app(scope, receive, sender)
.sandbox/venv/lib/python3.12/site-packages/starlette/routing.py:756: in __call__
    await self.middleware_stack(scope, receive, send)
.sandbox/venv/lib/python3.12/site-packages/starlette/routing.py:776: in app
    await route.handle(scope, receive, send)
.sandbox/venv/lib/python3.12/site-packages/starlette/routing.py:297: in handle
    await self.app(scope, receive, send)
.sandbox/venv/lib/python3.12/site-packages/starlette/routing.py:77: in app
    await wrap_app_handling_exceptions(app, request)(scope, receive, send)
.sandbox/venv/lib/python3.12/site-packages/starlette/_exception_handler.py:64: in wrapped_app
    raise exc
.sandbox/venv/lib/python3.12/site-packages/starlette/_exception_handler.py:53: in wrapped_app
    await app(scope, receive, sender)
.sandbox/venv/lib/python3.12/site-packages/starlette/routing.py:72: in app
    response = await func(request)
               ^^^^^^^^^^^^^^^^^^^
.sandbox/venv/lib/python3.12/site-packages/fastapi/routing.py:278: in app
    raw_response = await run_endpoint_function(
.sandbox/venv/lib/python3.12/site-packages/fastapi/routing.py:191: in run_endpoint_function
    return await dependant.call(**values)
           ^^^^^^^^^^^^^^^^^^^^^^^^^^^^^^
app/domains/products/router.py:87: in create_review
    product = await service.get_product(product_id=product_id)
              ^^^^^^^^^^^^^^^^^^^^^^^^^^^^^^^^^^^^^^^^^^^^^^^^
app/domains/products/service.py:109: in get_product
    return ProductRead.model_validate(product)
           ^^^^^^^^^^^^^^^^^^^^^^^^^^^^^^^^^^^
E   pydantic_core._pydantic_core.ValidationError: 1 validation error for ProductRead
E   price
E     Field required [type=missing, input_value=<app.domains.products.mod...bject at 0x72fcab4eba70>, input_type=Product]
E       For further information visit https://errors.pydantic.dev/2.7/v/missing
---------------------------- Captured stdout setup -----------------------------
{"request_id": "cb141f92-36dd-4f52-abbe-7b6fd2bb1347", "method": "POST", "path": "/api/v1/auth/login", "event": "request_started", "level": "info", "timestamp": "2026-07-07T09:05:16.357327Z"}
{"request_id": "cb141f92-36dd-4f52-abbe-7b6fd2bb1347", "method": "POST", "path": "/api/v1/auth/login", "status_code": 200, "event": "request_finished", "level": "info", "timestamp": "2026-07-07T09:05:16.697034Z"}
HTTP Request: POST http://test/api/v1/auth/login "HTTP/1.1 200 OK"
------------------------------ Captured log setup ------------------------------
INFO     httpx:_client.py:1773 HTTP Request: POST http://test/api/v1/auth/login "HTTP/1.1 200 OK"
----------------------------- Captured stdout call -----------------------------
{"request_id": "d368be22-35ca-4a25-a309-1f3b7138102f", "method": "POST", "path": "/api/v1/products/b8dbea35-91dc-4004-a431-c4a62dfb2004/reviews", "event": "request_started", "level": "info", "timestamp": "2026-07-07T09:05:16.699143Z"}
=============================== warnings summary ===============================
tests/integration/sprint_1/test_account.py: 4 warnings
tests/integration/sprint_1/test_auth.py: 2 warnings
tests/integration/sprint_1/test_cart.py: 2 warnings
tests/integration/sprint_1/test_products.py: 2 warnings
  /Elite-ai-pod-projects/494d3fc8-f8b6-4f1f-a01d-d8d14f21994a/workspace/boots-shopping-app/.sandbox/venv/lib/python3.12/site-packages/jose/jwt.py:311: DeprecationWarning: datetime.datetime.utcnow() is deprecated and scheduled for removal in a future version. Use timezone-aware objects to represent datetimes in UTC: datetime.datetime.now(datetime.UTC).
    now = timegm(datetime.utcnow().utctimetuple())

-- Docs: https://docs.pytest.org/en/stable/how-to/capture-warnings.html
--------------------------------- JSON report ----------------------------------
report saved to: /Elite-ai-pod-projects/494d3fc8-f8b6-4f1f-a01d-d8d14f21994a/workspace/boots-shopping-app/.elite/python_pytest-report-sprint-1.json
=========================== short test summary info ============================
FAILED tests/integration/sprint_1/test_account.py::TestOrderHistory::test_authenticated_user_sees_their_orders
FAILED tests/integration/sprint_1/test_account.py::TestOrderHistory::test_order_history_shows_expected_fields
FAILED tests/integration/sprint_1/test_account.py::TestOrderHistory::test_order_history_empty_for_new_user
FAILED tests/integration/sprint_1/test_account.py::TestOrderHistory::test_user_only_sees_own_orders
FAILED tests/integration/sprint_1/test_auth.py::TestUserLogin::test_token_refresh_issues_new_tokens_and_revokes_old
FAILED tests/integration/sprint_1/test_cart.py::TestCartManagement::test_anonymous_user_gets_empty_cart
FAILED tests/integration/sprint_1/test_cart.py::TestCartManagement::test_authenticated_user_cart_is_associated_with_account
FAILED tests/integration/sprint_1/test_cart.py::TestCartManagement::test_cart_shows_items_with_price_quantity_subtotal
FAILED tests/integration/sprint_1/test_products.py::TestSearchAndFilter::test_search_returns_matching_products
FAILED tests/integration/sprint_1/test_products.py::TestSearchAndFilter::test_search_no_results_returns_empty
FAILED tests/integration/sprint_1/test_products.py::TestSearchAndFilter::test_filter_by_category_returns_correct_products
FAILED tests/integration/sprint_1/test_products.py::TestSearchAndFilter::test_product_listing_page_shows_required_fields
FAILED tests/integration/sprint_1/test_products.py::TestSearchAndFilter::test_products_paginated_correctly
FAILED tests/integration/sprint_1/test_products.py::TestProductDetail::test_product_detail_returns_full_information
FAILED tests/integration/sprint_1/test_products.py::TestProductReviews::test_guest_can_read_product_reviews
FAILED tests/integration/sprint_1/test_products.py::TestProductReviews::test_authenticated_user_submits_review
FAILED tests/integration/sprint_1/test_products.py::TestProductReviews::test_user_cannot_review_same_product_twice
================= 17 failed, 15 passed, 10 warnings in 28.99s ==================
